                      :-) GROMACS - gmx mdrun, 2020.4 (-:

                            GROMACS is written by:
     Emile Apol      Rossen Apostolov      Paul Bauer     Herman J.C. Berendsen
    Par Bjelkmar      Christian Blau   Viacheslav Bolnykh     Kevin Boyd    
 Aldert van Buuren   Rudi van Drunen     Anton Feenstra       Alan Gray     
  Gerrit Groenhof     Anca Hamuraru    Vincent Hindriksen  M. Eric Irrgang  
  Aleksei Iupinov   Christoph Junghans     Joe Jordan     Dimitrios Karkoulis
    Peter Kasson        Jiri Kraus      Carsten Kutzner      Per Larsson    
  Justin A. Lemkul    Viveca Lindahl    Magnus Lundborg     Erik Marklund   
    Pascal Merz     Pieter Meulenhoff    Teemu Murtola       Szilard Pall   
    Sander Pronk      Roland Schulz      Michael Shirts    Alexey Shvetsov  
   Alfons Sijbers     Peter Tieleman      Jon Vincent      Teemu Virolainen 
 Christian Wennberg    Maarten Wolf      Artem Zhmurov   
                           and the project leaders:
        Mark Abraham, Berk Hess, Erik Lindahl, and David van der Spoel

Copyright (c) 1991-2000, University of Groningen, The Netherlands.
Copyright (c) 2001-2019, The GROMACS development team at
Uppsala University, Stockholm University and
the Royal Institute of Technology, Sweden.
check out http://www.gromacs.org for more information.

GROMACS is free software; you can redistribute it and/or modify it
under the terms of the GNU Lesser General Public License
as published by the Free Software Foundation; either version 2.1
of the License, or (at your option) any later version.

GROMACS:      gmx mdrun, version 2020.4
Executable:   /share/apps/gromacs/2020.4/openmpi/intel/bin/gmx_mpi
Data prefix:  /share/apps/gromacs/2020.4/openmpi/intel
Working dir:  /home/avd383/comp-lab-class/comp-lab-class-2024/Week3-IntroToMD/Setup2
Process ID:   3001524
Command line:
  gmx_mpi mdrun -deffnm 2jof_100ps_nvt -v

GROMACS version:    2020.4
Verified release checksum is 79c2857291b034542c26e90512b92fd4b184a1c9d6fa59c55f2e24ccf14e7281
Precision:          single
Memory model:       64 bit
MPI library:        MPI
OpenMP support:     disabled
GPU support:        disabled
SIMD instructions:  AVX_512
FFT library:        Intel MKL
RDTSCP usage:       enabled
TNG support:        enabled
Hwloc support:      disabled
Tracing support:    disabled
C compiler:         /share/apps/openmpi/4.0.5/intel/bin/mpicc Intel 19.1.2.20200623
C compiler flags:   -xCORE-AVX512 -qopt-zmm-usage=high -mkl=sequential -wd3180 -std=gnu99 -ip -funroll-all-loops -alias-const -ansi-alias -no-prec-div -fimf-domain-exclusion=14 -qoverride-limits -O3 -DNDEBUG
C++ compiler:       /share/apps/openmpi/4.0.5/intel/bin/mpicxx Intel 19.1.2.20200623
C++ compiler flags: -xCORE-AVX512 -qopt-zmm-usage=high -mkl=sequential -wd3180 -ip -funroll-all-loops -alias-const -ansi-alias -no-prec-div -fimf-domain-exclusion=14 -qoverride-limits -O3 -DNDEBUG


Running on 1 node with total 96 cores, 96 logical cores
Hardware detected on host log-1 (the node of MPI rank 0):
  CPU info:
    Vendor: Intel
    Brand:  Intel(R) Xeon(R) Platinum 8268 CPU @ 2.90GHz
    Family: 6   Model: 85   Stepping: 7
    Features: aes apic avx avx2 avx512f avx512cd avx512bw avx512vl clfsh cmov cx8 cx16 f16c fma htt intel lahf mmx msr nonstop_tsc pcid pclmuldq pdcm pdpe1gb popcnt pse rdrnd rdtscp sse2 sse3 sse4.1 sse4.2 ssse3 tdt x2apic
    Number of AVX-512 FMA units: 2
  Hardware topology: Only logical processor count


++++ PLEASE READ AND CITE THE FOLLOWING REFERENCE ++++
M. J. Abraham, T. Murtola, R. Schulz, S. Páll, J. C. Smith, B. Hess, E.
Lindahl
GROMACS: High performance molecular simulations through multi-level
parallelism from laptops to supercomputers
SoftwareX 1 (2015) pp. 19-25
-------- -------- --- Thank You --- -------- --------


++++ PLEASE READ AND CITE THE FOLLOWING REFERENCE ++++
S. Páll, M. J. Abraham, C. Kutzner, B. Hess, E. Lindahl
Tackling Exascale Software Challenges in Molecular Dynamics Simulations with
GROMACS
In S. Markidis & E. Laure (Eds.), Solving Software Challenges for Exascale 8759 (2015) pp. 3-27
-------- -------- --- Thank You --- -------- --------


++++ PLEASE READ AND CITE THE FOLLOWING REFERENCE ++++
S. Pronk, S. Páll, R. Schulz, P. Larsson, P. Bjelkmar, R. Apostolov, M. R.
Shirts, J. C. Smith, P. M. Kasson, D. van der Spoel, B. Hess, and E. Lindahl
GROMACS 4.5: a high-throughput and highly parallel open source molecular
simulation toolkit
Bioinformatics 29 (2013) pp. 845-54
-------- -------- --- Thank You --- -------- --------


++++ PLEASE READ AND CITE THE FOLLOWING REFERENCE ++++
B. Hess and C. Kutzner and D. van der Spoel and E. Lindahl
GROMACS 4: Algorithms for highly efficient, load-balanced, and scalable
molecular simulation
J. Chem. Theory Comput. 4 (2008) pp. 435-447
-------- -------- --- Thank You --- -------- --------


++++ PLEASE READ AND CITE THE FOLLOWING REFERENCE ++++
D. van der Spoel, E. Lindahl, B. Hess, G. Groenhof, A. E. Mark and H. J. C.
Berendsen
GROMACS: Fast, Flexible and Free
J. Comp. Chem. 26 (2005) pp. 1701-1719
-------- -------- --- Thank You --- -------- --------


++++ PLEASE READ AND CITE THE FOLLOWING REFERENCE ++++
E. Lindahl and B. Hess and D. van der Spoel
GROMACS 3.0: A package for molecular simulation and trajectory analysis
J. Mol. Mod. 7 (2001) pp. 306-317
-------- -------- --- Thank You --- -------- --------


++++ PLEASE READ AND CITE THE FOLLOWING REFERENCE ++++
H. J. C. Berendsen, D. van der Spoel and R. van Drunen
GROMACS: A message-passing parallel molecular dynamics implementation
Comp. Phys. Comm. 91 (1995) pp. 43-56
-------- -------- --- Thank You --- -------- --------


++++ PLEASE CITE THE DOI FOR THIS VERSION OF GROMACS ++++
https://doi.org/10.5281/zenodo.4054979
-------- -------- --- Thank You --- -------- --------

Input Parameters:
   integrator                     = md
   tinit                          = 0
   dt                             = 0.002
   nsteps                         = 50000
   init-step                      = 0
   simulation-part                = 1
   comm-mode                      = Linear
   nstcomm                        = 100
   bd-fric                        = 0
   ld-seed                        = -1318931987
   emtol                          = 10
   emstep                         = 0.01
   niter                          = 20
   fcstep                         = 0
   nstcgsteep                     = 1000
   nbfgscorr                      = 10
   rtpi                           = 0.05
   nstxout                        = 500
   nstvout                        = 500
   nstfout                        = 0
   nstlog                         = 500
   nstcalcenergy                  = 100
   nstenergy                      = 500
   nstxout-compressed             = 0
   compressed-x-precision         = 1000
   cutoff-scheme                  = Verlet
   nstlist                        = 10
   pbc                            = xyz
   periodic-molecules             = false
   verlet-buffer-tolerance        = 0.005
   rlist                          = 1
   coulombtype                    = PME
   coulomb-modifier               = Potential-shift
   rcoulomb-switch                = 0
   rcoulomb                       = 1
   epsilon-r                      = 1
   epsilon-rf                     = inf
   vdw-type                       = Cut-off
   vdw-modifier                   = Potential-shift
   rvdw-switch                    = 0
   rvdw                           = 1
   DispCorr                       = EnerPres
   table-extension                = 1
   fourierspacing                 = 0.16
   fourier-nx                     = 28
   fourier-ny                     = 28
   fourier-nz                     = 28
   pme-order                      = 4
   ewald-rtol                     = 1e-05
   ewald-rtol-lj                  = 0.001
   lj-pme-comb-rule               = Geometric
   ewald-geometry                 = 0
   epsilon-surface                = 0
   tcoupl                         = V-rescale
   nsttcouple                     = 10
   nh-chain-length                = 0
   print-nose-hoover-chain-variables = false
   pcoupl                         = No
   pcoupltype                     = Isotropic
   nstpcouple                     = -1
   tau-p                          = 1
   compressibility (3x3):
      compressibility[    0]={ 0.00000e+00,  0.00000e+00,  0.00000e+00}
      compressibility[    1]={ 0.00000e+00,  0.00000e+00,  0.00000e+00}
      compressibility[    2]={ 0.00000e+00,  0.00000e+00,  0.00000e+00}
   ref-p (3x3):
      ref-p[    0]={ 0.00000e+00,  0.00000e+00,  0.00000e+00}
      ref-p[    1]={ 0.00000e+00,  0.00000e+00,  0.00000e+00}
      ref-p[    2]={ 0.00000e+00,  0.00000e+00,  0.00000e+00}
   refcoord-scaling               = No
   posres-com (3):
      posres-com[0]= 0.00000e+00
      posres-com[1]= 0.00000e+00
      posres-com[2]= 0.00000e+00
   posres-comB (3):
      posres-comB[0]= 0.00000e+00
      posres-comB[1]= 0.00000e+00
      posres-comB[2]= 0.00000e+00
   QMMM                           = false
   QMconstraints                  = 0
   QMMMscheme                     = 0
   MMChargeScaleFactor            = 1
qm-opts:
   ngQM                           = 0
   constraint-algorithm           = Lincs
   continuation                   = false
   Shake-SOR                      = false
   shake-tol                      = 0.0001
   lincs-order                    = 4
   lincs-iter                     = 1
   lincs-warnangle                = 30
   nwall                          = 0
   wall-type                      = 9-3
   wall-r-linpot                  = -1
   wall-atomtype[0]               = -1
   wall-atomtype[1]               = -1
   wall-density[0]                = 0
   wall-density[1]                = 0
   wall-ewald-zfac                = 3
   pull                           = false
   awh                            = false
   rotation                       = false
   interactiveMD                  = false
   disre                          = No
   disre-weighting                = Conservative
   disre-mixed                    = false
   dr-fc                          = 1000
   dr-tau                         = 0
   nstdisreout                    = 100
   orire-fc                       = 0
   orire-tau                      = 0
   nstorireout                    = 100
   free-energy                    = no
   cos-acceleration               = 0
   deform (3x3):
      deform[    0]={ 0.00000e+00,  0.00000e+00,  0.00000e+00}
      deform[    1]={ 0.00000e+00,  0.00000e+00,  0.00000e+00}
      deform[    2]={ 0.00000e+00,  0.00000e+00,  0.00000e+00}
   simulated-tempering            = false
   swapcoords                     = no
   userint1                       = 0
   userint2                       = 0
   userint3                       = 0
   userint4                       = 0
   userreal1                      = 0
   userreal2                      = 0
   userreal3                      = 0
   userreal4                      = 0
   applied-forces:
     electric-field:
       x:
         E0                       = 0
         omega                    = 0
         t0                       = 0
         sigma                    = 0
       y:
         E0                       = 0
         omega                    = 0
         t0                       = 0
         sigma                    = 0
       z:
         E0                       = 0
         omega                    = 0
         t0                       = 0
         sigma                    = 0
     density-guided-simulation:
       active                     = false
       group                      = protein
       similarity-measure         = inner-product
       atom-spreading-weight      = unity
       force-constant             = 1e+09
       gaussian-transform-spreading-width = 0.2
       gaussian-transform-spreading-range-in-multiples-of-width = 4
       reference-density-filename = reference.mrc
       nst                        = 1
       normalize-densities        = true
       adaptive-force-scaling     = false
       adaptive-force-scaling-time-constant = 4
grpopts:
   nrdf:     715.852     13809.1
   ref-t:         300         300
   tau-t:         0.1         0.1
annealing:          No          No
annealing-npoints:           0           0
   acc:	           0           0           0
   nfreeze:           N           N           N
   energygrp-flags[  0]: 0

Changing nstlist from 10 to 50, rlist from 1 to 1.116

Using 1 MPI process

Non-default thread affinity set, disabling internal thread affinity
System total charge: -0.000
Will do PME sum in reciprocal space for electrostatic interactions.

++++ PLEASE READ AND CITE THE FOLLOWING REFERENCE ++++
U. Essmann, L. Perera, M. L. Berkowitz, T. Darden, H. Lee and L. G. Pedersen 
A smooth particle mesh Ewald method
J. Chem. Phys. 103 (1995) pp. 8577-8592
-------- -------- --- Thank You --- -------- --------

Using a Gaussian width (1/beta) of 0.320163 nm for Ewald
Potential shift: LJ r^-12: -1.000e+00 r^-6: -1.000e+00, Ewald -1.000e-05
Initialized non-bonded Ewald tables, spacing: 9.33e-04 size: 1073

Generated table with 1058 data points for 1-4 COUL.
Tabscale = 500 points/nm
Generated table with 1058 data points for 1-4 LJ6.
Tabscale = 500 points/nm
Generated table with 1058 data points for 1-4 LJ12.
Tabscale = 500 points/nm

Using SIMD 4x8 nonbonded short-range kernels

Using a dual 4x8 pair-list setup updated with dynamic pruning:
  outer list: updated every 50 steps, buffer 0.116 nm, rlist 1.116 nm
  inner list: updated every 12 steps, buffer 0.003 nm, rlist 1.003 nm
At tolerance 0.005 kJ/mol/ps per atom, equivalent classical 1x1 list would be:
  outer list: updated every 50 steps, buffer 0.245 nm, rlist 1.245 nm
  inner list: updated every 12 steps, buffer 0.048 nm, rlist 1.048 nm

Using geometric Lennard-Jones combination rule

Long Range LJ corr.: <C6> 3.0996e-04

Removing pbc first time

Initializing LINear Constraint Solver

++++ PLEASE READ AND CITE THE FOLLOWING REFERENCE ++++
B. Hess and H. Bekker and H. J. C. Berendsen and J. G. E. M. Fraaije
LINCS: A Linear Constraint Solver for molecular simulations
J. Comp. Chem. 18 (1997) pp. 1463-1472
-------- -------- --- Thank You --- -------- --------

The number of constraints is 136

++++ PLEASE READ AND CITE THE FOLLOWING REFERENCE ++++
S. Miyamoto and P. A. Kollman
SETTLE: An Analytical Version of the SHAKE and RATTLE Algorithms for Rigid
Water Models
J. Comp. Chem. 13 (1992) pp. 952-962
-------- -------- --- Thank You --- -------- --------


++++ PLEASE READ AND CITE THE FOLLOWING REFERENCE ++++
G. Bussi, D. Donadio and M. Parrinello
Canonical sampling through velocity rescaling
J. Chem. Phys. 126 (2007) pp. 014101
-------- -------- --- Thank You --- -------- --------

There are: 7190 Atoms

Constraining the starting coordinates (step 0)

Constraining the coordinates at t0-dt (step 0)
Center of mass motion removal mode is Linear
We have the following groups for center of mass motion removal:
  0:  rest
RMS relative constraint deviation after constraining: 3.16e-06
Initial temperature: 304.474 K

Started mdrun on rank 0 Wed Sep 25 01:46:08 2024

           Step           Time
              0        0.00000

   Energies (kJ/mol)
           Bond          Angle    Proper Dih. Ryckaert-Bell.          LJ-14
    3.29241e+01    2.04256e+02    2.35790e+01    3.46341e+02    3.79081e+02
     Coulomb-14        LJ (SR)  Disper. corr.   Coulomb (SR)   Coul. recip.
    1.86169e+03    1.80859e+04   -9.21465e+02   -1.40056e+05    7.05317e+02
 Position Rest.      Potential    Kinetic En.   Total Energy  Conserved En.
    1.80609e-04   -1.19338e+05    1.83916e+04   -1.00947e+05   -1.00947e+05
    Temperature Pres. DC (bar) Pressure (bar)   Constr. rmsd
    3.04578e+02   -2.10574e+02   -4.46234e+03    3.17259e-06

           Step           Time
            500        1.00000

   Energies (kJ/mol)
           Bond          Angle    Proper Dih. Ryckaert-Bell.          LJ-14
    2.32969e+02    5.69848e+02    3.61345e+01    3.40755e+02    4.01907e+02
     Coulomb-14        LJ (SR)  Disper. corr.   Coulomb (SR)   Coul. recip.
    1.83394e+03    1.98131e+04   -9.21465e+02   -1.32374e+05    6.98319e+02
 Position Rest.      Potential    Kinetic En.   Total Energy  Conserved En.
    1.19752e+02   -1.09249e+05    1.84069e+04   -9.08422e+04   -1.00771e+05
    Temperature Pres. DC (bar) Pressure (bar)   Constr. rmsd
    3.04832e+02   -2.10574e+02    7.76895e+00    2.32160e-06

           Step           Time
           1000        2.00000

   Energies (kJ/mol)
           Bond          Angle    Proper Dih. Ryckaert-Bell.          LJ-14
    2.24247e+02    5.19293e+02    3.58460e+01    3.37566e+02    3.93074e+02
     Coulomb-14        LJ (SR)  Disper. corr.   Coulomb (SR)   Coul. recip.
    1.84597e+03    2.04051e+04   -9.21465e+02   -1.34094e+05    6.11784e+02
 Position Rest.      Potential    Kinetic En.   Total Energy  Conserved En.
    1.09898e+02   -1.10533e+05    1.80831e+04   -9.24495e+04   -1.00765e+05
    Temperature Pres. DC (bar) Pressure (bar)   Constr. rmsd
    2.99470e+02   -2.10574e+02   -4.18437e+02    2.15376e-06

           Step           Time
           1500        3.00000

   Energies (kJ/mol)
           Bond          Angle    Proper Dih. Ryckaert-Bell.          LJ-14
    2.44862e+02    5.67693e+02    3.68695e+01    3.00965e+02    4.03226e+02
     Coulomb-14        LJ (SR)  Disper. corr.   Coulomb (SR)   Coul. recip.
    1.85956e+03    1.98691e+04   -9.21465e+02   -1.33317e+05    6.44215e+02
 Position Rest.      Potential    Kinetic En.   Total Energy  Conserved En.
    1.15446e+02   -1.10197e+05    1.82307e+04   -9.19659e+04   -1.00753e+05
    Temperature Pres. DC (bar) Pressure (bar)   Constr. rmsd
    3.01914e+02   -2.10574e+02   -2.61711e+02    3.97825e-06

           Step           Time
           2000        4.00000

   Energies (kJ/mol)
           Bond          Angle    Proper Dih. Ryckaert-Bell.          LJ-14
    2.29473e+02    5.85718e+02    2.56245e+01    3.19867e+02    3.90468e+02
     Coulomb-14        LJ (SR)  Disper. corr.   Coulomb (SR)   Coul. recip.
    1.80527e+03    1.95520e+04   -9.21465e+02   -1.33663e+05    6.09410e+02
 Position Rest.      Potential    Kinetic En.   Total Energy  Conserved En.
    9.27949e+01   -1.10973e+05    1.85438e+04   -9.24296e+04   -1.00769e+05
    Temperature Pres. DC (bar) Pressure (bar)   Constr. rmsd
    3.07098e+02   -2.10574e+02   -1.02078e+03    2.53378e-06

           Step           Time
           2500        5.00000

   Energies (kJ/mol)
           Bond          Angle    Proper Dih. Ryckaert-Bell.          LJ-14
    2.27366e+02    5.66896e+02    3.76819e+01    3.27625e+02    3.88718e+02
     Coulomb-14        LJ (SR)  Disper. corr.   Coulomb (SR)   Coul. recip.
    1.83356e+03    2.06242e+04   -9.21465e+02   -1.34853e+05    6.23090e+02
 Position Rest.      Potential    Kinetic En.   Total Energy  Conserved En.
    9.43315e+01   -1.11051e+05    1.81019e+04   -9.29488e+04   -1.00770e+05
    Temperature Pres. DC (bar) Pressure (bar)   Constr. rmsd
    2.99780e+02   -2.10574e+02   -3.05911e+02    3.22466e-06

           Step           Time
           3000        6.00000

   Energies (kJ/mol)
           Bond          Angle    Proper Dih. Ryckaert-Bell.          LJ-14
    1.92038e+02    5.60464e+02    4.35946e+01    3.49153e+02    3.97551e+02
     Coulomb-14        LJ (SR)  Disper. corr.   Coulomb (SR)   Coul. recip.
    1.86400e+03    2.06967e+04   -9.21465e+02   -1.35570e+05    6.44953e+02
 Position Rest.      Potential    Kinetic En.   Total Energy  Conserved En.
    1.08043e+02   -1.11635e+05    1.78300e+04   -9.38052e+04   -1.00764e+05
    Temperature Pres. DC (bar) Pressure (bar)   Constr. rmsd
    2.95277e+02   -2.10574e+02   -3.52467e+02    3.16544e-06

           Step           Time
           3500        7.00000

   Energies (kJ/mol)
           Bond          Angle    Proper Dih. Ryckaert-Bell.          LJ-14
    2.25556e+02    5.91889e+02    3.06298e+01    3.14482e+02    3.90006e+02
     Coulomb-14        LJ (SR)  Disper. corr.   Coulomb (SR)   Coul. recip.
    1.85228e+03    2.00849e+04   -9.21465e+02   -1.34656e+05    6.09344e+02
 Position Rest.      Potential    Kinetic En.   Total Energy  Conserved En.
    8.12277e+01   -1.11397e+05    1.78942e+04   -9.35024e+04   -1.00763e+05
    Temperature Pres. DC (bar) Pressure (bar)   Constr. rmsd
    2.96342e+02   -2.10574e+02   -9.32687e+02    2.55374e-06

           Step           Time
           4000        8.00000

   Energies (kJ/mol)
           Bond          Angle    Proper Dih. Ryckaert-Bell.          LJ-14
    2.09298e+02    5.70281e+02    3.40027e+01    3.13805e+02    3.69795e+02
     Coulomb-14        LJ (SR)  Disper. corr.   Coulomb (SR)   Coul. recip.
    1.85161e+03    2.06137e+04   -9.21465e+02   -1.34738e+05    6.20208e+02
 Position Rest.      Potential    Kinetic En.   Total Energy  Conserved En.
    1.07279e+02   -1.10970e+05    1.77985e+04   -9.31713e+04   -1.00768e+05
    Temperature Pres. DC (bar) Pressure (bar)   Constr. rmsd
    2.94757e+02   -2.10574e+02   -4.53795e+02    2.18726e-06

           Step           Time
           4500        9.00000

   Energies (kJ/mol)
           Bond          Angle    Proper Dih. Ryckaert-Bell.          LJ-14
    1.89712e+02    6.14243e+02    3.54337e+01    3.06378e+02    3.87027e+02
     Coulomb-14        LJ (SR)  Disper. corr.   Coulomb (SR)   Coul. recip.
    1.80740e+03    2.03863e+04   -9.21465e+02   -1.34669e+05    6.55629e+02
 Position Rest.      Potential    Kinetic En.   Total Energy  Conserved En.
    9.69242e+01   -1.11111e+05    1.78442e+04   -9.32671e+04   -1.00765e+05
    Temperature Pres. DC (bar) Pressure (bar)   Constr. rmsd
    2.95513e+02   -2.10574e+02   -3.64660e+02    2.33002e-06

           Step           Time
           5000       10.00000

   Energies (kJ/mol)
           Bond          Angle    Proper Dih. Ryckaert-Bell.          LJ-14
    2.05453e+02    5.37262e+02    3.01823e+01    3.16473e+02    4.00164e+02
     Coulomb-14        LJ (SR)  Disper. corr.   Coulomb (SR)   Coul. recip.
    1.84390e+03    2.05502e+04   -9.21465e+02   -1.35100e+05    6.05105e+02
 Position Rest.      Potential    Kinetic En.   Total Energy  Conserved En.
    1.49408e+02   -1.11383e+05    1.76304e+04   -9.37530e+04   -1.00766e+05
    Temperature Pres. DC (bar) Pressure (bar)   Constr. rmsd
    2.91973e+02   -2.10574e+02   -5.57298e+01    2.19848e-06

           Step           Time
           5500       11.00000

   Energies (kJ/mol)
           Bond          Angle    Proper Dih. Ryckaert-Bell.          LJ-14
    2.02839e+02    6.27481e+02    3.86587e+01    3.12910e+02    3.76382e+02
     Coulomb-14        LJ (SR)  Disper. corr.   Coulomb (SR)   Coul. recip.
    1.82860e+03    1.95204e+04   -9.21465e+02   -1.33442e+05    5.88811e+02
 Position Rest.      Potential    Kinetic En.   Total Energy  Conserved En.
    9.27618e+01   -1.10774e+05    1.79145e+04   -9.28598e+04   -1.00769e+05
    Temperature Pres. DC (bar) Pressure (bar)   Constr. rmsd
    2.96678e+02   -2.10574e+02   -1.11492e+03    3.56455e-06

           Step           Time
           6000       12.00000

   Energies (kJ/mol)
           Bond          Angle    Proper Dih. Ryckaert-Bell.          LJ-14
    2.65381e+02    6.40241e+02    2.74768e+01    2.95691e+02    3.97253e+02
     Coulomb-14        LJ (SR)  Disper. corr.   Coulomb (SR)   Coul. recip.
    1.83803e+03    2.04745e+04   -9.21465e+02   -1.34333e+05    6.16349e+02
 Position Rest.      Potential    Kinetic En.   Total Energy  Conserved En.
    1.18141e+02   -1.10581e+05    1.83885e+04   -9.21928e+04   -1.00762e+05
    Temperature Pres. DC (bar) Pressure (bar)   Constr. rmsd
    3.04527e+02   -2.10574e+02   -5.99721e+02    2.41385e-06

           Step           Time
           6500       13.00000

   Energies (kJ/mol)
           Bond          Angle    Proper Dih. Ryckaert-Bell.          LJ-14
    2.32700e+02    5.91518e+02    2.76587e+01    3.30801e+02    3.91850e+02
     Coulomb-14        LJ (SR)  Disper. corr.   Coulomb (SR)   Coul. recip.
    1.86184e+03    2.09393e+04   -9.21465e+02   -1.35322e+05    6.62812e+02
 Position Rest.      Potential    Kinetic En.   Total Energy  Conserved En.
    8.95629e+01   -1.11116e+05    1.81031e+04   -9.30126e+04   -1.00756e+05
    Temperature Pres. DC (bar) Pressure (bar)   Constr. rmsd
    2.99801e+02   -2.10574e+02   -4.50413e+01    1.96216e-06

           Step           Time
           7000       14.00000

   Energies (kJ/mol)
           Bond          Angle    Proper Dih. Ryckaert-Bell.          LJ-14
    2.29222e+02    5.25798e+02    3.77990e+01    3.41557e+02    3.88097e+02
     Coulomb-14        LJ (SR)  Disper. corr.   Coulomb (SR)   Coul. recip.
    1.87139e+03    2.05075e+04   -9.21465e+02   -1.34719e+05    6.14497e+02
 Position Rest.      Potential    Kinetic En.   Total Energy  Conserved En.
    1.22567e+02   -1.11002e+05    1.82771e+04   -9.27251e+04   -1.00769e+05
    Temperature Pres. DC (bar) Pressure (bar)   Constr. rmsd
    3.02682e+02   -2.10574e+02   -1.92419e+02    1.39425e-06

           Step           Time
           7500       15.00000

   Energies (kJ/mol)
           Bond          Angle    Proper Dih. Ryckaert-Bell.          LJ-14
    2.29976e+02    5.69679e+02    5.41153e+01    3.21153e+02    3.69716e+02
     Coulomb-14        LJ (SR)  Disper. corr.   Coulomb (SR)   Coul. recip.
    1.84567e+03    2.00261e+04   -9.21465e+02   -1.34241e+05    6.25956e+02
 Position Rest.      Potential    Kinetic En.   Total Energy  Conserved En.
    1.21123e+02   -1.10999e+05    1.81478e+04   -9.28510e+04   -1.00768e+05
    Temperature Pres. DC (bar) Pressure (bar)   Constr. rmsd
    3.00541e+02   -2.10574e+02   -1.06251e+03    2.82690e-06

           Step           Time
           8000       16.00000

   Energies (kJ/mol)
           Bond          Angle    Proper Dih. Ryckaert-Bell.          LJ-14
    2.08734e+02    6.05865e+02    2.78074e+01    3.62418e+02    3.65224e+02
     Coulomb-14        LJ (SR)  Disper. corr.   Coulomb (SR)   Coul. recip.
    1.83568e+03    2.01137e+04   -9.21465e+02   -1.34235e+05    6.30691e+02
 Position Rest.      Potential    Kinetic En.   Total Energy  Conserved En.
    1.13033e+02   -1.10893e+05    1.80154e+04   -9.28777e+04   -1.00769e+05
    Temperature Pres. DC (bar) Pressure (bar)   Constr. rmsd
    2.98348e+02   -2.10574e+02   -9.61438e+02    2.10106e-06

           Step           Time
           8500       17.00000

   Energies (kJ/mol)
           Bond          Angle    Proper Dih. Ryckaert-Bell.          LJ-14
    2.23709e+02    6.24995e+02    3.93548e+01    3.40497e+02    4.00514e+02
     Coulomb-14        LJ (SR)  Disper. corr.   Coulomb (SR)   Coul. recip.
    1.85326e+03    2.06820e+04   -9.21465e+02   -1.34232e+05    6.19062e+02
 Position Rest.      Potential    Kinetic En.   Total Energy  Conserved En.
    1.22809e+02   -1.10247e+05    1.83750e+04   -9.18721e+04   -1.00775e+05
    Temperature Pres. DC (bar) Pressure (bar)   Constr. rmsd
    3.04303e+02   -2.10574e+02   -3.23288e+02    2.37909e-06

           Step           Time
           9000       18.00000

   Energies (kJ/mol)
           Bond          Angle    Proper Dih. Ryckaert-Bell.          LJ-14
    2.00381e+02    5.81379e+02    3.08398e+01    3.17175e+02    3.86496e+02
     Coulomb-14        LJ (SR)  Disper. corr.   Coulomb (SR)   Coul. recip.
    1.88927e+03    2.09337e+04   -9.21465e+02   -1.35657e+05    5.79561e+02
 Position Rest.      Potential    Kinetic En.   Total Energy  Conserved En.
    1.10649e+02   -1.11549e+05    1.84078e+04   -9.31407e+04   -1.00779e+05
    Temperature Pres. DC (bar) Pressure (bar)   Constr. rmsd
    3.04847e+02   -2.10574e+02   -1.01134e+02    2.59854e-06

           Step           Time
           9500       19.00000

   Energies (kJ/mol)
           Bond          Angle    Proper Dih. Ryckaert-Bell.          LJ-14
    2.53242e+02    5.25150e+02    2.03326e+01    3.41508e+02    3.92134e+02
     Coulomb-14        LJ (SR)  Disper. corr.   Coulomb (SR)   Coul. recip.
    1.87653e+03    2.03043e+04   -9.21465e+02   -1.34960e+05    5.94260e+02
 Position Rest.      Potential    Kinetic En.   Total Energy  Conserved En.
    1.27334e+02   -1.11447e+05    1.79879e+04   -9.34590e+04   -1.00775e+05
    Temperature Pres. DC (bar) Pressure (bar)   Constr. rmsd
    2.97892e+02   -2.10574e+02   -6.98918e+02    1.99546e-06

           Step           Time
          10000       20.00000

   Energies (kJ/mol)
           Bond          Angle    Proper Dih. Ryckaert-Bell.          LJ-14
    2.10803e+02    5.82529e+02    3.94853e+01    3.30066e+02    4.01470e+02
     Coulomb-14        LJ (SR)  Disper. corr.   Coulomb (SR)   Coul. recip.
    1.85779e+03    2.08654e+04   -9.21465e+02   -1.35370e+05    6.12382e+02
 Position Rest.      Potential    Kinetic En.   Total Energy  Conserved En.
    1.30682e+02   -1.11261e+05    1.83160e+04   -9.29446e+04   -1.00782e+05
    Temperature Pres. DC (bar) Pressure (bar)   Constr. rmsd
    3.03326e+02   -2.10574e+02    2.91182e+02    1.56003e-06

           Step           Time
          10500       21.00000

   Energies (kJ/mol)
           Bond          Angle    Proper Dih. Ryckaert-Bell.          LJ-14
    2.35309e+02    5.25162e+02    2.98918e+01    3.40012e+02    4.28992e+02
     Coulomb-14        LJ (SR)  Disper. corr.   Coulomb (SR)   Coul. recip.
    1.85726e+03    2.04747e+04   -9.21465e+02   -1.34718e+05    6.27989e+02
 Position Rest.      Potential    Kinetic En.   Total Energy  Conserved En.
    1.35268e+02   -1.10985e+05    1.82261e+04   -9.27584e+04   -1.00781e+05
    Temperature Pres. DC (bar) Pressure (bar)   Constr. rmsd
    3.01838e+02   -2.10574e+02    1.13071e+02    2.60537e-06

           Step           Time
          11000       22.00000

   Energies (kJ/mol)
           Bond          Angle    Proper Dih. Ryckaert-Bell.          LJ-14
    2.21761e+02    6.00737e+02    3.61901e+01    3.87209e+02    4.24317e+02
     Coulomb-14        LJ (SR)  Disper. corr.   Coulomb (SR)   Coul. recip.
    1.84897e+03    2.02494e+04   -9.21465e+02   -1.34238e+05    6.11800e+02
 Position Rest.      Potential    Kinetic En.   Total Energy  Conserved En.
    1.18740e+02   -1.10661e+05    1.83155e+04   -9.23451e+04   -1.00775e+05
    Temperature Pres. DC (bar) Pressure (bar)   Constr. rmsd
    3.03318e+02   -2.10574e+02   -2.98539e+02    1.87251e-06

           Step           Time
          11500       23.00000

   Energies (kJ/mol)
           Bond          Angle    Proper Dih. Ryckaert-Bell.          LJ-14
    2.05570e+02    5.47169e+02    2.83219e+01    3.42070e+02    4.04793e+02
     Coulomb-14        LJ (SR)  Disper. corr.   Coulomb (SR)   Coul. recip.
    1.87096e+03    2.08301e+04   -9.21465e+02   -1.35505e+05    6.35563e+02
 Position Rest.      Potential    Kinetic En.   Total Energy  Conserved En.
    1.26689e+02   -1.11435e+05    1.78938e+04   -9.35416e+04   -1.00784e+05
    Temperature Pres. DC (bar) Pressure (bar)   Constr. rmsd
    2.96334e+02   -2.10574e+02   -3.85814e+02    1.56291e-06

           Step           Time
          12000       24.00000

   Energies (kJ/mol)
           Bond          Angle    Proper Dih. Ryckaert-Bell.          LJ-14
    2.27312e+02    5.79257e+02    4.37832e+01    3.08169e+02    4.03215e+02
     Coulomb-14        LJ (SR)  Disper. corr.   Coulomb (SR)   Coul. recip.
    1.83565e+03    1.97836e+04   -9.21465e+02   -1.33904e+05    6.28494e+02
 Position Rest.      Potential    Kinetic En.   Total Energy  Conserved En.
    1.31350e+02   -1.10885e+05    1.80628e+04   -9.28218e+04   -1.00784e+05
    Temperature Pres. DC (bar) Pressure (bar)   Constr. rmsd
    2.99134e+02   -2.10574e+02   -9.24693e+02    2.00636e-06

           Step           Time
          12500       25.00000

   Energies (kJ/mol)
           Bond          Angle    Proper Dih. Ryckaert-Bell.          LJ-14
    2.42722e+02    5.50076e+02    2.86671e+01    3.20211e+02    3.75268e+02
     Coulomb-14        LJ (SR)  Disper. corr.   Coulomb (SR)   Coul. recip.
    1.84301e+03    2.04178e+04   -9.21465e+02   -1.34367e+05    6.50899e+02
 Position Rest.      Potential    Kinetic En.   Total Energy  Conserved En.
    1.26411e+02   -1.10734e+05    1.77960e+04   -9.29378e+04   -1.00782e+05
    Temperature Pres. DC (bar) Pressure (bar)   Constr. rmsd
    2.94714e+02   -2.10574e+02   -4.60202e+02    2.48863e-06

           Step           Time
          13000       26.00000

   Energies (kJ/mol)
           Bond          Angle    Proper Dih. Ryckaert-Bell.          LJ-14
    2.45557e+02    5.46608e+02    2.83954e+01    2.67755e+02    4.15309e+02
     Coulomb-14        LJ (SR)  Disper. corr.   Coulomb (SR)   Coul. recip.
    1.83253e+03    2.01584e+04   -9.21465e+02   -1.33856e+05    6.28245e+02
 Position Rest.      Potential    Kinetic En.   Total Energy  Conserved En.
    1.40967e+02   -1.10513e+05    1.82897e+04   -9.22236e+04   -1.00796e+05
    Temperature Pres. DC (bar) Pressure (bar)   Constr. rmsd
    3.02891e+02   -2.10574e+02   -2.62652e+02    2.36311e-06

           Step           Time
          13500       27.00000

   Energies (kJ/mol)
           Bond          Angle    Proper Dih. Ryckaert-Bell.          LJ-14
    1.85248e+02    5.85977e+02    4.15660e+01    3.30197e+02    3.89997e+02
     Coulomb-14        LJ (SR)  Disper. corr.   Coulomb (SR)   Coul. recip.
    1.84751e+03    2.02007e+04   -9.21465e+02   -1.34268e+05    6.35354e+02
 Position Rest.      Potential    Kinetic En.   Total Energy  Conserved En.
    1.05010e+02   -1.10868e+05    1.79939e+04   -9.28741e+04   -1.00790e+05
    Temperature Pres. DC (bar) Pressure (bar)   Constr. rmsd
    2.97992e+02   -2.10574e+02   -5.32558e+02    3.14493e-06

           Step           Time
          14000       28.00000

   Energies (kJ/mol)
           Bond          Angle    Proper Dih. Ryckaert-Bell.          LJ-14
    2.04103e+02    5.29893e+02    4.36673e+01    3.36812e+02    3.73151e+02
     Coulomb-14        LJ (SR)  Disper. corr.   Coulomb (SR)   Coul. recip.
    1.81530e+03    2.04648e+04   -9.21465e+02   -1.34612e+05    6.26236e+02
 Position Rest.      Potential    Kinetic En.   Total Energy  Conserved En.
    1.15156e+02   -1.11024e+05    1.76334e+04   -9.33908e+04   -1.00793e+05
    Temperature Pres. DC (bar) Pressure (bar)   Constr. rmsd
    2.92022e+02   -2.10574e+02   -1.75646e+02    2.40897e-06

           Step           Time
          14500       29.00000

   Energies (kJ/mol)
           Bond          Angle    Proper Dih. Ryckaert-Bell.          LJ-14
    1.94165e+02    6.40326e+02    2.50265e+01    3.19341e+02    4.19024e+02
     Coulomb-14        LJ (SR)  Disper. corr.   Coulomb (SR)   Coul. recip.
    1.86607e+03    2.05447e+04   -9.21465e+02   -1.34478e+05    6.30773e+02
 Position Rest.      Potential    Kinetic En.   Total Energy  Conserved En.
    1.08195e+02   -1.10652e+05    1.80867e+04   -9.25650e+04   -1.00780e+05
    Temperature Pres. DC (bar) Pressure (bar)   Constr. rmsd
    2.99529e+02   -2.10574e+02    3.84262e+02    2.17317e-06

           Step           Time
          15000       30.00000

   Energies (kJ/mol)
           Bond          Angle    Proper Dih. Ryckaert-Bell.          LJ-14
    1.92580e+02    6.08282e+02    4.04816e+01    3.37643e+02    4.22139e+02
     Coulomb-14        LJ (SR)  Disper. corr.   Coulomb (SR)   Coul. recip.
    1.87323e+03    1.97351e+04   -9.21465e+02   -1.33585e+05    6.33048e+02
 Position Rest.      Potential    Kinetic En.   Total Energy  Conserved En.
    9.83919e+01   -1.10566e+05    1.84086e+04   -9.21570e+04   -1.00796e+05
    Temperature Pres. DC (bar) Pressure (bar)   Constr. rmsd
    3.04860e+02   -2.10574e+02   -4.73573e+02    2.94619e-06

           Step           Time
          15500       31.00000

   Energies (kJ/mol)
           Bond          Angle    Proper Dih. Ryckaert-Bell.          LJ-14
    2.39642e+02    5.50336e+02    2.52857e+01    3.04248e+02    4.20036e+02
     Coulomb-14        LJ (SR)  Disper. corr.   Coulomb (SR)   Coul. recip.
    1.87708e+03    2.04943e+04   -9.21465e+02   -1.34359e+05    6.18759e+02
 Position Rest.      Potential    Kinetic En.   Total Energy  Conserved En.
    1.10740e+02   -1.10640e+05    1.81365e+04   -9.25034e+04   -1.00793e+05
    Temperature Pres. DC (bar) Pressure (bar)   Constr. rmsd
    3.00354e+02   -2.10574e+02   -1.75970e+02    1.68716e-06

           Step           Time
          16000       32.00000

   Energies (kJ/mol)
           Bond          Angle    Proper Dih. Ryckaert-Bell.          LJ-14
    2.37486e+02    6.36018e+02    2.37133e+01    2.91418e+02    3.93903e+02
     Coulomb-14        LJ (SR)  Disper. corr.   Coulomb (SR)   Coul. recip.
    1.85154e+03    2.00151e+04   -9.21465e+02   -1.34034e+05    6.30580e+02
 Position Rest.      Potential    Kinetic En.   Total Energy  Conserved En.
    1.10733e+02   -1.10765e+05    1.81255e+04   -9.26398e+04   -1.00791e+05
    Temperature Pres. DC (bar) Pressure (bar)   Constr. rmsd
    3.00172e+02   -2.10574e+02   -2.65340e+02    2.34670e-06

           Step           Time
          16500       33.00000

   Energies (kJ/mol)
           Bond          Angle    Proper Dih. Ryckaert-Bell.          LJ-14
    2.37919e+02    5.67275e+02    4.77481e+01    2.93919e+02    3.48003e+02
     Coulomb-14        LJ (SR)  Disper. corr.   Coulomb (SR)   Coul. recip.
    1.79428e+03    1.99846e+04   -9.21465e+02   -1.34360e+05    6.20758e+02
 Position Rest.      Potential    Kinetic En.   Total Energy  Conserved En.
    1.09429e+02   -1.11278e+05    1.78784e+04   -9.33992e+04   -1.00795e+05
    Temperature Pres. DC (bar) Pressure (bar)   Constr. rmsd
    2.96080e+02   -2.10574e+02   -1.16629e+03    2.54199e-06

           Step           Time
          17000       34.00000

   Energies (kJ/mol)
           Bond          Angle    Proper Dih. Ryckaert-Bell.          LJ-14
    1.84553e+02    6.74262e+02    4.05488e+01    3.32847e+02    3.84713e+02
     Coulomb-14        LJ (SR)  Disper. corr.   Coulomb (SR)   Coul. recip.
    1.84781e+03    2.09964e+04   -9.21465e+02   -1.34644e+05    6.36321e+02
 Position Rest.      Potential    Kinetic En.   Total Energy  Conserved En.
    1.09393e+02   -1.10359e+05    1.82768e+04   -9.20822e+04   -1.00789e+05
    Temperature Pres. DC (bar) Pressure (bar)   Constr. rmsd
    3.02678e+02   -2.10574e+02    1.51133e+02    3.31993e-06

           Step           Time
          17500       35.00000

   Energies (kJ/mol)
           Bond          Angle    Proper Dih. Ryckaert-Bell.          LJ-14
    1.88995e+02    5.79002e+02    3.24613e+01    3.13446e+02    4.13215e+02
     Coulomb-14        LJ (SR)  Disper. corr.   Coulomb (SR)   Coul. recip.
    1.87491e+03    2.08527e+04   -9.21465e+02   -1.35138e+05    6.47103e+02
 Position Rest.      Potential    Kinetic En.   Total Energy  Conserved En.
    9.28718e+01   -1.11065e+05    1.81708e+04   -9.28940e+04   -1.00791e+05
    Temperature Pres. DC (bar) Pressure (bar)   Constr. rmsd
    3.00922e+02   -2.10574e+02   -6.18924e+01    2.06408e-06

           Step           Time
          18000       36.00000

   Energies (kJ/mol)
           Bond          Angle    Proper Dih. Ryckaert-Bell.          LJ-14
    2.36842e+02    5.51743e+02    2.73627e+01    3.38208e+02    3.95244e+02
     Coulomb-14        LJ (SR)  Disper. corr.   Coulomb (SR)   Coul. recip.
    1.87305e+03    2.00743e+04   -9.21465e+02   -1.33954e+05    6.19504e+02
 Position Rest.      Potential    Kinetic En.   Total Energy  Conserved En.
    9.76498e+01   -1.10661e+05    1.79082e+04   -9.27531e+04   -1.00793e+05
    Temperature Pres. DC (bar) Pressure (bar)   Constr. rmsd
    2.96573e+02   -2.10574e+02   -4.85152e+02    2.47069e-06

           Step           Time
          18500       37.00000

   Energies (kJ/mol)
           Bond          Angle    Proper Dih. Ryckaert-Bell.          LJ-14
    2.13390e+02    5.87099e+02    3.51417e+01    2.81699e+02    4.17005e+02
     Coulomb-14        LJ (SR)  Disper. corr.   Coulomb (SR)   Coul. recip.
    1.87096e+03    2.06297e+04   -9.21465e+02   -1.34416e+05    6.79887e+02
 Position Rest.      Potential    Kinetic En.   Total Energy  Conserved En.
    1.01101e+02   -1.10521e+05    1.84128e+04   -9.21086e+04   -1.00801e+05
    Temperature Pres. DC (bar) Pressure (bar)   Constr. rmsd
    3.04929e+02   -2.10574e+02    1.03082e+02    2.85434e-06

           Step           Time
          19000       38.00000

   Energies (kJ/mol)
           Bond          Angle    Proper Dih. Ryckaert-Bell.          LJ-14
    2.01320e+02    5.16655e+02    2.69453e+01    3.37668e+02    3.78160e+02
     Coulomb-14        LJ (SR)  Disper. corr.   Coulomb (SR)   Coul. recip.
    1.81103e+03    2.00201e+04   -9.21465e+02   -1.33843e+05    6.45623e+02
 Position Rest.      Potential    Kinetic En.   Total Energy  Conserved En.
    8.79812e+01   -1.10739e+05    1.79975e+04   -9.27416e+04   -1.00800e+05
    Temperature Pres. DC (bar) Pressure (bar)   Constr. rmsd
    2.98053e+02   -2.10574e+02   -3.27857e+02    2.81325e-06

           Step           Time
          19500       39.00000

   Energies (kJ/mol)
           Bond          Angle    Proper Dih. Ryckaert-Bell.          LJ-14
    2.21995e+02    6.46149e+02    2.53185e+01    3.30142e+02    3.78947e+02
     Coulomb-14        LJ (SR)  Disper. corr.   Coulomb (SR)   Coul. recip.
    1.86864e+03    2.01085e+04   -9.21465e+02   -1.33920e+05    6.13822e+02
 Position Rest.      Potential    Kinetic En.   Total Energy  Conserved En.
    1.08762e+02   -1.10539e+05    1.81752e+04   -9.23641e+04   -1.00801e+05
    Temperature Pres. DC (bar) Pressure (bar)   Constr. rmsd
    3.00995e+02   -2.10574e+02   -4.47042e+02    2.67630e-06

           Step           Time
          20000       40.00000

   Energies (kJ/mol)
           Bond          Angle    Proper Dih. Ryckaert-Bell.          LJ-14
    2.19453e+02    6.10409e+02    3.04121e+01    3.29117e+02    4.05713e+02
     Coulomb-14        LJ (SR)  Disper. corr.   Coulomb (SR)   Coul. recip.
    1.87182e+03    1.93896e+04   -9.21465e+02   -1.33006e+05    6.15444e+02
 Position Rest.      Potential    Kinetic En.   Total Energy  Conserved En.
    9.39799e+01   -1.10362e+05    1.79268e+04   -9.24349e+04   -1.00806e+05
    Temperature Pres. DC (bar) Pressure (bar)   Constr. rmsd
    2.96881e+02   -2.10574e+02   -1.04032e+03    2.83470e-06

           Step           Time
          20500       41.00000

   Energies (kJ/mol)
           Bond          Angle    Proper Dih. Ryckaert-Bell.          LJ-14
    2.11060e+02    5.84933e+02    2.58061e+01    3.07282e+02    3.83682e+02
     Coulomb-14        LJ (SR)  Disper. corr.   Coulomb (SR)   Coul. recip.
    1.85147e+03    2.00403e+04   -9.21465e+02   -1.33906e+05    6.14716e+02
 Position Rest.      Potential    Kinetic En.   Total Energy  Conserved En.
    9.87072e+01   -1.10709e+05    1.82480e+04   -9.24612e+04   -1.00805e+05
    Temperature Pres. DC (bar) Pressure (bar)   Constr. rmsd
    3.02201e+02   -2.10574e+02   -5.76152e+02    3.12569e-06

           Step           Time
          21000       42.00000

   Energies (kJ/mol)
           Bond          Angle    Proper Dih. Ryckaert-Bell.          LJ-14
    2.05320e+02    6.35461e+02    3.73605e+01    3.07355e+02    3.65073e+02
     Coulomb-14        LJ (SR)  Disper. corr.   Coulomb (SR)   Coul. recip.
    1.84717e+03    2.03639e+04   -9.21465e+02   -1.34716e+05    6.01403e+02
 Position Rest.      Potential    Kinetic En.   Total Energy  Conserved En.
    8.89072e+01   -1.11186e+05    1.81373e+04   -9.30483e+04   -1.00800e+05
    Temperature Pres. DC (bar) Pressure (bar)   Constr. rmsd
    3.00367e+02   -2.10574e+02   -3.65489e+02    1.65255e-06

           Step           Time
          21500       43.00000

   Energies (kJ/mol)
           Bond          Angle    Proper Dih. Ryckaert-Bell.          LJ-14
    2.26000e+02    6.21074e+02    5.79765e+01    3.61964e+02    4.08760e+02
     Coulomb-14        LJ (SR)  Disper. corr.   Coulomb (SR)   Coul. recip.
    1.87974e+03    2.05568e+04   -9.21465e+02   -1.34507e+05    6.23142e+02
 Position Rest.      Potential    Kinetic En.   Total Energy  Conserved En.
    1.06546e+02   -1.10586e+05    1.83990e+04   -9.21870e+04   -1.00796e+05
    Temperature Pres. DC (bar) Pressure (bar)   Constr. rmsd
    3.04702e+02   -2.10574e+02   -1.64149e+02    2.53733e-06

           Step           Time
          22000       44.00000

   Energies (kJ/mol)
           Bond          Angle    Proper Dih. Ryckaert-Bell.          LJ-14
    1.89103e+02    6.23897e+02    3.82791e+01    3.23091e+02    3.87574e+02
     Coulomb-14        LJ (SR)  Disper. corr.   Coulomb (SR)   Coul. recip.
    1.82194e+03    2.05712e+04   -9.21465e+02   -1.34769e+05    6.08953e+02
 Position Rest.      Potential    Kinetic En.   Total Energy  Conserved En.
    1.15477e+02   -1.11011e+05    1.81218e+04   -9.28893e+04   -1.00799e+05
    Temperature Pres. DC (bar) Pressure (bar)   Constr. rmsd
    3.00111e+02   -2.10574e+02   -1.92156e+02    1.96380e-06

           Step           Time
          22500       45.00000

   Energies (kJ/mol)
           Bond          Angle    Proper Dih. Ryckaert-Bell.          LJ-14
    2.33365e+02    5.88474e+02    3.13028e+01    3.99527e+02    3.72798e+02
     Coulomb-14        LJ (SR)  Disper. corr.   Coulomb (SR)   Coul. recip.
    1.84393e+03    2.00557e+04   -9.21465e+02   -1.33610e+05    6.64089e+02
 Position Rest.      Potential    Kinetic En.   Total Energy  Conserved En.
    1.15077e+02   -1.10227e+05    1.85587e+04   -9.16681e+04   -1.00813e+05
    Temperature Pres. DC (bar) Pressure (bar)   Constr. rmsd
    3.07346e+02   -2.10574e+02   -5.63742e+02    2.56765e-06

           Step           Time
          23000       46.00000

   Energies (kJ/mol)
           Bond          Angle    Proper Dih. Ryckaert-Bell.          LJ-14
    2.05123e+02    5.75938e+02    4.50368e+01    2.95941e+02    3.87055e+02
     Coulomb-14        LJ (SR)  Disper. corr.   Coulomb (SR)   Coul. recip.
    1.81509e+03    2.05417e+04   -9.21465e+02   -1.34816e+05    6.26068e+02
 Position Rest.      Potential    Kinetic En.   Total Energy  Conserved En.
    1.34020e+02   -1.11112e+05    1.79480e+04   -9.31635e+04   -1.00813e+05
    Temperature Pres. DC (bar) Pressure (bar)   Constr. rmsd
    2.97232e+02   -2.10574e+02   -7.40083e+02    1.74003e-06

           Step           Time
          23500       47.00000

   Energies (kJ/mol)
           Bond          Angle    Proper Dih. Ryckaert-Bell.          LJ-14
    2.17445e+02    5.88517e+02    3.08371e+01    3.60457e+02    3.76947e+02
     Coulomb-14        LJ (SR)  Disper. corr.   Coulomb (SR)   Coul. recip.
    1.84182e+03    2.06651e+04   -9.21465e+02   -1.34832e+05    6.12688e+02
 Position Rest.      Potential    Kinetic En.   Total Energy  Conserved En.
    1.11565e+02   -1.10948e+05    1.82976e+04   -9.26507e+04   -1.00819e+05
    Temperature Pres. DC (bar) Pressure (bar)   Constr. rmsd
    3.03022e+02   -2.10574e+02   -1.93041e+02    2.22769e-06

           Step           Time
          24000       48.00000

   Energies (kJ/mol)
           Bond          Angle    Proper Dih. Ryckaert-Bell.          LJ-14
    1.73780e+02    5.37193e+02    3.47773e+01    3.43816e+02    4.30943e+02
     Coulomb-14        LJ (SR)  Disper. corr.   Coulomb (SR)   Coul. recip.
    1.85941e+03    2.07624e+04   -9.21465e+02   -1.35189e+05    6.56690e+02
 Position Rest.      Potential    Kinetic En.   Total Energy  Conserved En.
    1.17750e+02   -1.11194e+05    1.77874e+04   -9.34068e+04   -1.00809e+05
    Temperature Pres. DC (bar) Pressure (bar)   Constr. rmsd
    2.94573e+02   -2.10574e+02    1.47416e+02    2.08280e-06

           Step           Time
          24500       49.00000

   Energies (kJ/mol)
           Bond          Angle    Proper Dih. Ryckaert-Bell.          LJ-14
    2.11465e+02    5.34223e+02    3.07280e+01    3.67479e+02    4.15146e+02
     Coulomb-14        LJ (SR)  Disper. corr.   Coulomb (SR)   Coul. recip.
    1.83888e+03    1.96008e+04   -9.21465e+02   -1.33421e+05    5.87218e+02
 Position Rest.      Potential    Kinetic En.   Total Energy  Conserved En.
    1.12714e+02   -1.10644e+05    1.79684e+04   -9.26753e+04   -1.00815e+05
    Temperature Pres. DC (bar) Pressure (bar)   Constr. rmsd
    2.97570e+02   -2.10574e+02   -6.20358e+02    2.72775e-06

           Step           Time
          25000       50.00000

   Energies (kJ/mol)
           Bond          Angle    Proper Dih. Ryckaert-Bell.          LJ-14
    2.38511e+02    5.44054e+02    4.18049e+01    3.23787e+02    3.95019e+02
     Coulomb-14        LJ (SR)  Disper. corr.   Coulomb (SR)   Coul. recip.
    1.80050e+03    2.04015e+04   -9.21465e+02   -1.34287e+05    6.38594e+02
 Position Rest.      Potential    Kinetic En.   Total Energy  Conserved En.
    1.16151e+02   -1.10708e+05    1.82419e+04   -9.24665e+04   -1.00814e+05
    Temperature Pres. DC (bar) Pressure (bar)   Constr. rmsd
    3.02100e+02   -2.10574e+02   -2.93986e+02    2.45040e-06

           Step           Time
          25500       51.00000

   Energies (kJ/mol)
           Bond          Angle    Proper Dih. Ryckaert-Bell.          LJ-14
    2.02888e+02    5.91706e+02    3.23582e+01    3.36756e+02    4.02382e+02
     Coulomb-14        LJ (SR)  Disper. corr.   Coulomb (SR)   Coul. recip.
    1.84511e+03    2.04025e+04   -9.21465e+02   -1.34272e+05    6.37852e+02
 Position Rest.      Potential    Kinetic En.   Total Energy  Conserved En.
    1.09696e+02   -1.10632e+05    1.80660e+04   -9.25659e+04   -1.00818e+05
    Temperature Pres. DC (bar) Pressure (bar)   Constr. rmsd
    2.99186e+02   -2.10574e+02   -2.63886e+02    2.76484e-06

           Step           Time
          26000       52.00000

   Energies (kJ/mol)
           Bond          Angle    Proper Dih. Ryckaert-Bell.          LJ-14
    2.06217e+02    5.71609e+02    3.35397e+01    3.02443e+02    4.01433e+02
     Coulomb-14        LJ (SR)  Disper. corr.   Coulomb (SR)   Coul. recip.
    1.84101e+03    2.08432e+04   -9.21465e+02   -1.35158e+05    6.24206e+02
 Position Rest.      Potential    Kinetic En.   Total Energy  Conserved En.
    1.08382e+02   -1.11147e+05    1.79534e+04   -9.31941e+04   -1.00812e+05
    Temperature Pres. DC (bar) Pressure (bar)   Constr. rmsd
    2.97321e+02   -2.10574e+02   -8.77862e+01    2.40859e-06

           Step           Time
          26500       53.00000

   Energies (kJ/mol)
           Bond          Angle    Proper Dih. Ryckaert-Bell.          LJ-14
    2.07493e+02    6.17051e+02    4.21670e+01    2.89957e+02    3.65221e+02
     Coulomb-14        LJ (SR)  Disper. corr.   Coulomb (SR)   Coul. recip.
    1.81372e+03    2.09746e+04   -9.21465e+02   -1.35473e+05    6.21370e+02
 Position Rest.      Potential    Kinetic En.   Total Energy  Conserved En.
    1.12819e+02   -1.11350e+05    1.78420e+04   -9.35077e+04   -1.00809e+05
    Temperature Pres. DC (bar) Pressure (bar)   Constr. rmsd
    2.95477e+02   -2.10574e+02   -4.29520e+02    4.12098e-06

           Step           Time
          27000       54.00000

   Energies (kJ/mol)
           Bond          Angle    Proper Dih. Ryckaert-Bell.          LJ-14
    2.24917e+02    5.64879e+02    3.53882e+01    3.90955e+02    3.78413e+02
     Coulomb-14        LJ (SR)  Disper. corr.   Coulomb (SR)   Coul. recip.
    1.85476e+03    2.06826e+04   -9.21465e+02   -1.35073e+05    6.07003e+02
 Position Rest.      Potential    Kinetic En.   Total Energy  Conserved En.
    9.36705e+01   -1.11161e+05    1.79457e+04   -9.32156e+04   -1.00815e+05
    Temperature Pres. DC (bar) Pressure (bar)   Constr. rmsd
    2.97194e+02   -2.10574e+02   -4.00242e+02    2.48067e-06

           Step           Time
          27500       55.00000

   Energies (kJ/mol)
           Bond          Angle    Proper Dih. Ryckaert-Bell.          LJ-14
    1.77544e+02    5.78639e+02    3.15202e+01    3.09016e+02    4.02355e+02
     Coulomb-14        LJ (SR)  Disper. corr.   Coulomb (SR)   Coul. recip.
    1.82888e+03    1.99758e+04   -9.21465e+02   -1.34431e+05    6.47670e+02
 Position Rest.      Potential    Kinetic En.   Total Energy  Conserved En.
    1.25661e+02   -1.11275e+05    1.81359e+04   -9.31390e+04   -1.00815e+05
    Temperature Pres. DC (bar) Pressure (bar)   Constr. rmsd
    3.00344e+02   -2.10574e+02   -1.08056e+03    2.14563e-06

           Step           Time
          28000       56.00000

   Energies (kJ/mol)
           Bond          Angle    Proper Dih. Ryckaert-Bell.          LJ-14
    2.05491e+02    6.03227e+02    3.44738e+01    3.02246e+02    3.80012e+02
     Coulomb-14        LJ (SR)  Disper. corr.   Coulomb (SR)   Coul. recip.
    1.84398e+03    2.08281e+04   -9.21465e+02   -1.34966e+05    6.16044e+02
 Position Rest.      Potential    Kinetic En.   Total Energy  Conserved En.
    1.02257e+02   -1.10972e+05    1.88042e+04   -9.21676e+04   -1.00821e+05
    Temperature Pres. DC (bar) Pressure (bar)   Constr. rmsd
    3.11411e+02   -2.10574e+02    2.38358e+02    2.01801e-06

           Step           Time
          28500       57.00000

   Energies (kJ/mol)
           Bond          Angle    Proper Dih. Ryckaert-Bell.          LJ-14
    2.25791e+02    5.60505e+02    4.24356e+01    3.70963e+02    3.89930e+02
     Coulomb-14        LJ (SR)  Disper. corr.   Coulomb (SR)   Coul. recip.
    1.80352e+03    2.00067e+04   -9.21465e+02   -1.34157e+05    6.18650e+02
 Position Rest.      Potential    Kinetic En.   Total Energy  Conserved En.
    9.26405e+01   -1.10967e+05    1.82681e+04   -9.26993e+04   -1.00815e+05
    Temperature Pres. DC (bar) Pressure (bar)   Constr. rmsd
    3.02533e+02   -2.10574e+02   -8.90476e+02    2.33200e-06

           Step           Time
          29000       58.00000

   Energies (kJ/mol)
           Bond          Angle    Proper Dih. Ryckaert-Bell.          LJ-14
    1.89670e+02    6.23072e+02    3.43174e+01    3.56929e+02    3.74293e+02
     Coulomb-14        LJ (SR)  Disper. corr.   Coulomb (SR)   Coul. recip.
    1.86909e+03    2.06352e+04   -9.21465e+02   -1.34135e+05    6.77684e+02
 Position Rest.      Potential    Kinetic En.   Total Energy  Conserved En.
    1.18994e+02   -1.10177e+05    1.83386e+04   -9.18382e+04   -1.00818e+05
    Temperature Pres. DC (bar) Pressure (bar)   Constr. rmsd
    3.03701e+02   -2.10574e+02   -4.62299e+01    2.30215e-06

           Step           Time
          29500       59.00000

   Energies (kJ/mol)
           Bond          Angle    Proper Dih. Ryckaert-Bell.          LJ-14
    2.19673e+02    6.08976e+02    2.64904e+01    3.50075e+02    3.99844e+02
     Coulomb-14        LJ (SR)  Disper. corr.   Coulomb (SR)   Coul. recip.
    1.87126e+03    2.02559e+04   -9.21465e+02   -1.34466e+05    6.62405e+02
 Position Rest.      Potential    Kinetic En.   Total Energy  Conserved En.
    1.08100e+02   -1.10885e+05    1.80334e+04   -9.28515e+04   -1.00817e+05
    Temperature Pres. DC (bar) Pressure (bar)   Constr. rmsd
    2.98646e+02   -2.10574e+02   -7.01925e+02    1.83934e-06

           Step           Time
          30000       60.00000

   Energies (kJ/mol)
           Bond          Angle    Proper Dih. Ryckaert-Bell.          LJ-14
    2.34659e+02    6.51810e+02    3.62678e+01    3.51940e+02    3.58160e+02
     Coulomb-14        LJ (SR)  Disper. corr.   Coulomb (SR)   Coul. recip.
    1.83760e+03    1.99891e+04   -9.21465e+02   -1.33297e+05    6.42652e+02
 Position Rest.      Potential    Kinetic En.   Total Energy  Conserved En.
    9.45008e+01   -1.10022e+05    1.79948e+04   -9.20268e+04   -1.00824e+05
    Temperature Pres. DC (bar) Pressure (bar)   Constr. rmsd
    2.98007e+02   -2.10574e+02   -6.74154e+02    2.28037e-06

           Step           Time
          30500       61.00000

   Energies (kJ/mol)
           Bond          Angle    Proper Dih. Ryckaert-Bell.          LJ-14
    2.18136e+02    5.54441e+02    3.28162e+01    3.31929e+02    3.65346e+02
     Coulomb-14        LJ (SR)  Disper. corr.   Coulomb (SR)   Coul. recip.
    1.81871e+03    2.03041e+04   -9.21465e+02   -1.34618e+05    6.33713e+02
 Position Rest.      Potential    Kinetic En.   Total Energy  Conserved En.
    1.08356e+02   -1.11172e+05    1.80516e+04   -9.31200e+04   -1.00825e+05
    Temperature Pres. DC (bar) Pressure (bar)   Constr. rmsd
    2.98948e+02   -2.10574e+02   -6.84278e+02    1.85828e-06

           Step           Time
          31000       62.00000

   Energies (kJ/mol)
           Bond          Angle    Proper Dih. Ryckaert-Bell.          LJ-14
    2.14282e+02    5.92597e+02    4.14188e+01    3.71414e+02    3.64859e+02
     Coulomb-14        LJ (SR)  Disper. corr.   Coulomb (SR)   Coul. recip.
    1.85876e+03    1.96563e+04   -9.21465e+02   -1.33627e+05    6.18269e+02
 Position Rest.      Potential    Kinetic En.   Total Energy  Conserved En.
    9.80157e+01   -1.10733e+05    1.78016e+04   -9.29309e+04   -1.00825e+05
    Temperature Pres. DC (bar) Pressure (bar)   Constr. rmsd
    2.94808e+02   -2.10574e+02   -1.02557e+03    1.74697e-06

           Step           Time
          31500       63.00000

   Energies (kJ/mol)
           Bond          Angle    Proper Dih. Ryckaert-Bell.          LJ-14
    2.42532e+02    6.58395e+02    2.04535e+01    3.22967e+02    3.90055e+02
     Coulomb-14        LJ (SR)  Disper. corr.   Coulomb (SR)   Coul. recip.
    1.82569e+03    1.99578e+04   -9.21465e+02   -1.33869e+05    6.47928e+02
 Position Rest.      Potential    Kinetic En.   Total Energy  Conserved En.
    1.24292e+02   -1.10601e+05    1.86223e+04   -9.19784e+04   -1.00824e+05
    Temperature Pres. DC (bar) Pressure (bar)   Constr. rmsd
    3.08399e+02   -2.10574e+02   -7.01212e+02    2.59398e-06

           Step           Time
          32000       64.00000

   Energies (kJ/mol)
           Bond          Angle    Proper Dih. Ryckaert-Bell.          LJ-14
    2.12200e+02    6.25763e+02    3.10982e+01    3.45097e+02    3.74501e+02
     Coulomb-14        LJ (SR)  Disper. corr.   Coulomb (SR)   Coul. recip.
    1.83956e+03    2.03877e+04   -9.21465e+02   -1.34414e+05    6.24993e+02
 Position Rest.      Potential    Kinetic En.   Total Energy  Conserved En.
    1.02375e+02   -1.10793e+05    1.81895e+04   -9.26031e+04   -1.00824e+05
    Temperature Pres. DC (bar) Pressure (bar)   Constr. rmsd
    3.01231e+02   -2.10574e+02   -5.06758e+02    3.80220e-06

           Step           Time
          32500       65.00000

   Energies (kJ/mol)
           Bond          Angle    Proper Dih. Ryckaert-Bell.          LJ-14
    2.21848e+02    5.74932e+02    2.67430e+01    3.28789e+02    3.82111e+02
     Coulomb-14        LJ (SR)  Disper. corr.   Coulomb (SR)   Coul. recip.
    1.83538e+03    2.03100e+04   -9.21465e+02   -1.34179e+05    6.63581e+02
 Position Rest.      Potential    Kinetic En.   Total Energy  Conserved En.
    9.03701e+01   -1.10667e+05    1.81563e+04   -9.25105e+04   -1.00831e+05
    Temperature Pres. DC (bar) Pressure (bar)   Constr. rmsd
    3.00682e+02   -2.10574e+02   -4.78833e+02    2.83046e-06

           Step           Time
          33000       66.00000

   Energies (kJ/mol)
           Bond          Angle    Proper Dih. Ryckaert-Bell.          LJ-14
    2.43070e+02    5.66779e+02    3.12161e+01    3.44072e+02    3.75875e+02
     Coulomb-14        LJ (SR)  Disper. corr.   Coulomb (SR)   Coul. recip.
    1.86857e+03    1.99268e+04   -9.21465e+02   -1.34055e+05    6.22197e+02
 Position Rest.      Potential    Kinetic En.   Total Energy  Conserved En.
    9.29274e+01   -1.10905e+05    1.81738e+04   -9.27311e+04   -1.00833e+05
    Temperature Pres. DC (bar) Pressure (bar)   Constr. rmsd
    3.00971e+02   -2.10574e+02   -9.37808e+02    3.13154e-06

           Step           Time
          33500       67.00000

   Energies (kJ/mol)
           Bond          Angle    Proper Dih. Ryckaert-Bell.          LJ-14
    1.99766e+02    5.37767e+02    3.01752e+01    3.61215e+02    4.08637e+02
     Coulomb-14        LJ (SR)  Disper. corr.   Coulomb (SR)   Coul. recip.
    1.81936e+03    2.05442e+04   -9.21465e+02   -1.34534e+05    6.28281e+02
 Position Rest.      Potential    Kinetic En.   Total Energy  Conserved En.
    1.08628e+02   -1.10817e+05    1.79996e+04   -9.28175e+04   -1.00831e+05
    Temperature Pres. DC (bar) Pressure (bar)   Constr. rmsd
    2.98086e+02   -2.10574e+02    2.72461e+01    3.37921e-06

           Step           Time
          34000       68.00000

   Energies (kJ/mol)
           Bond          Angle    Proper Dih. Ryckaert-Bell.          LJ-14
    1.86539e+02    6.50435e+02    3.43741e+01    3.28176e+02    3.66669e+02
     Coulomb-14        LJ (SR)  Disper. corr.   Coulomb (SR)   Coul. recip.
    1.83500e+03    2.01775e+04   -9.21465e+02   -1.34414e+05    6.28945e+02
 Position Rest.      Potential    Kinetic En.   Total Energy  Conserved En.
    1.08787e+02   -1.11019e+05    1.82801e+04   -9.27386e+04   -1.00832e+05
    Temperature Pres. DC (bar) Pressure (bar)   Constr. rmsd
    3.02732e+02   -2.10574e+02   -8.39586e+01    2.27515e-06

           Step           Time
          34500       69.00000

   Energies (kJ/mol)
           Bond          Angle    Proper Dih. Ryckaert-Bell.          LJ-14
    1.86064e+02    6.51238e+02    4.01141e+01    3.67039e+02    3.80412e+02
     Coulomb-14        LJ (SR)  Disper. corr.   Coulomb (SR)   Coul. recip.
    1.87017e+03    2.08240e+04   -9.21465e+02   -1.34795e+05    6.62396e+02
 Position Rest.      Potential    Kinetic En.   Total Energy  Conserved En.
    1.01538e+02   -1.10634e+05    1.84440e+04   -9.21898e+04   -1.00834e+05
    Temperature Pres. DC (bar) Pressure (bar)   Constr. rmsd
    3.05446e+02   -2.10574e+02   -1.17001e+02    3.27040e-06

           Step           Time
          35000       70.00000

   Energies (kJ/mol)
           Bond          Angle    Proper Dih. Ryckaert-Bell.          LJ-14
    1.99268e+02    5.96199e+02    3.02790e+01    3.60165e+02    3.76307e+02
     Coulomb-14        LJ (SR)  Disper. corr.   Coulomb (SR)   Coul. recip.
    1.83607e+03    1.98535e+04   -9.21465e+02   -1.33942e+05    6.12206e+02
 Position Rest.      Potential    Kinetic En.   Total Energy  Conserved En.
    1.05730e+02   -1.10893e+05    1.79317e+04   -9.29618e+04   -1.00835e+05
    Temperature Pres. DC (bar) Pressure (bar)   Constr. rmsd
    2.96962e+02   -2.10574e+02   -7.40966e+02    2.23157e-06

           Step           Time
          35500       71.00000

   Energies (kJ/mol)
           Bond          Angle    Proper Dih. Ryckaert-Bell.          LJ-14
    1.97262e+02    5.25211e+02    2.74874e+01    3.14949e+02    4.01254e+02
     Coulomb-14        LJ (SR)  Disper. corr.   Coulomb (SR)   Coul. recip.
    1.85294e+03    2.01312e+04   -9.21465e+02   -1.34355e+05    6.23448e+02
 Position Rest.      Potential    Kinetic En.   Total Energy  Conserved En.
    9.46075e+01   -1.11108e+05    1.78528e+04   -9.32551e+04   -1.00836e+05
    Temperature Pres. DC (bar) Pressure (bar)   Constr. rmsd
    2.95656e+02   -2.10574e+02   -3.03604e+02    2.54771e-06

           Step           Time
          36000       72.00000

   Energies (kJ/mol)
           Bond          Angle    Proper Dih. Ryckaert-Bell.          LJ-14
    1.96759e+02    6.35342e+02    2.99059e+01    3.16132e+02    4.18809e+02
     Coulomb-14        LJ (SR)  Disper. corr.   Coulomb (SR)   Coul. recip.
    1.89677e+03    2.02508e+04   -9.21465e+02   -1.34251e+05    6.57411e+02
 Position Rest.      Potential    Kinetic En.   Total Energy  Conserved En.
    1.35826e+02   -1.10635e+05    1.81508e+04   -9.24844e+04   -1.00845e+05
    Temperature Pres. DC (bar) Pressure (bar)   Constr. rmsd
    3.00590e+02   -2.10574e+02   -4.75152e+02    2.19538e-06

           Step           Time
          36500       73.00000

   Energies (kJ/mol)
           Bond          Angle    Proper Dih. Ryckaert-Bell.          LJ-14
    2.00276e+02    5.18977e+02    2.35124e+01    3.66855e+02    4.09403e+02
     Coulomb-14        LJ (SR)  Disper. corr.   Coulomb (SR)   Coul. recip.
    1.83121e+03    2.05241e+04   -9.21465e+02   -1.34577e+05    6.15801e+02
 Position Rest.      Potential    Kinetic En.   Total Energy  Conserved En.
    1.10041e+02   -1.10898e+05    1.81621e+04   -9.27363e+04   -1.00846e+05
    Temperature Pres. DC (bar) Pressure (bar)   Constr. rmsd
    3.00778e+02   -2.10574e+02   -3.47525e+02    3.12997e-06

           Step           Time
          37000       74.00000

   Energies (kJ/mol)
           Bond          Angle    Proper Dih. Ryckaert-Bell.          LJ-14
    2.63839e+02    6.03993e+02    2.92622e+01    3.17953e+02    3.63760e+02
     Coulomb-14        LJ (SR)  Disper. corr.   Coulomb (SR)   Coul. recip.
    1.86005e+03    2.08296e+04   -9.21465e+02   -1.34876e+05    6.70072e+02
 Position Rest.      Potential    Kinetic En.   Total Energy  Conserved En.
    1.06706e+02   -1.10753e+05    1.80443e+04   -9.27084e+04   -1.00844e+05
    Temperature Pres. DC (bar) Pressure (bar)   Constr. rmsd
    2.98827e+02   -2.10574e+02   -4.04211e+02    1.96612e-06

           Step           Time
          37500       75.00000

   Energies (kJ/mol)
           Bond          Angle    Proper Dih. Ryckaert-Bell.          LJ-14
    2.48534e+02    5.48495e+02    3.00998e+01    3.67273e+02    3.75900e+02
     Coulomb-14        LJ (SR)  Disper. corr.   Coulomb (SR)   Coul. recip.
    1.84059e+03    2.02408e+04   -9.21465e+02   -1.35027e+05    6.41801e+02
 Position Rest.      Potential    Kinetic En.   Total Energy  Conserved En.
    1.06348e+02   -1.11549e+05    1.84323e+04   -9.31168e+04   -1.00848e+05
    Temperature Pres. DC (bar) Pressure (bar)   Constr. rmsd
    3.05253e+02   -2.10574e+02   -8.58693e+02    2.63935e-06

           Step           Time
          38000       76.00000

   Energies (kJ/mol)
           Bond          Angle    Proper Dih. Ryckaert-Bell.          LJ-14
    2.04385e+02    6.06369e+02    3.96494e+01    3.11897e+02    4.27709e+02
     Coulomb-14        LJ (SR)  Disper. corr.   Coulomb (SR)   Coul. recip.
    1.88577e+03    2.09891e+04   -9.21465e+02   -1.35637e+05    6.28623e+02
 Position Rest.      Potential    Kinetic En.   Total Energy  Conserved En.
    1.02652e+02   -1.11362e+05    1.82184e+04   -9.31436e+04   -1.00841e+05
    Temperature Pres. DC (bar) Pressure (bar)   Constr. rmsd
    3.01710e+02   -2.10574e+02    2.16043e+02    3.73379e-06

           Step           Time
          38500       77.00000

   Energies (kJ/mol)
           Bond          Angle    Proper Dih. Ryckaert-Bell.          LJ-14
    2.41707e+02    5.23995e+02    3.98253e+01    3.55561e+02    3.79427e+02
     Coulomb-14        LJ (SR)  Disper. corr.   Coulomb (SR)   Coul. recip.
    1.85567e+03    2.06222e+04   -9.21465e+02   -1.35462e+05    6.41371e+02
 Position Rest.      Potential    Kinetic En.   Total Energy  Conserved En.
    1.02475e+02   -1.11621e+05    1.86178e+04   -9.30031e+04   -1.00853e+05
    Temperature Pres. DC (bar) Pressure (bar)   Constr. rmsd
    3.08325e+02   -2.10574e+02   -2.18775e+02    2.06649e-06

           Step           Time
          39000       78.00000

   Energies (kJ/mol)
           Bond          Angle    Proper Dih. Ryckaert-Bell.          LJ-14
    1.97373e+02    5.61867e+02    2.99147e+01    3.23185e+02    4.24714e+02
     Coulomb-14        LJ (SR)  Disper. corr.   Coulomb (SR)   Coul. recip.
    1.86641e+03    2.03798e+04   -9.21465e+02   -1.34634e+05    7.12863e+02
 Position Rest.      Potential    Kinetic En.   Total Energy  Conserved En.
    1.21828e+02   -1.10938e+05    1.82647e+04   -9.26733e+04   -1.00862e+05
    Temperature Pres. DC (bar) Pressure (bar)   Constr. rmsd
    3.02477e+02   -2.10574e+02   -4.34844e+02    3.15078e-06

           Step           Time
          39500       79.00000

   Energies (kJ/mol)
           Bond          Angle    Proper Dih. Ryckaert-Bell.          LJ-14
    2.17072e+02    6.60840e+02    3.39253e+01    3.26143e+02    4.01390e+02
     Coulomb-14        LJ (SR)  Disper. corr.   Coulomb (SR)   Coul. recip.
    1.83908e+03    2.08818e+04   -9.21465e+02   -1.34963e+05    6.81008e+02
 Position Rest.      Potential    Kinetic En.   Total Energy  Conserved En.
    1.04842e+02   -1.10738e+05    1.81558e+04   -9.25824e+04   -1.00849e+05
    Temperature Pres. DC (bar) Pressure (bar)   Constr. rmsd
    3.00673e+02   -2.10574e+02    3.20385e+02    2.13019e-06

           Step           Time
          40000       80.00000

   Energies (kJ/mol)
           Bond          Angle    Proper Dih. Ryckaert-Bell.          LJ-14
    2.01904e+02    6.35114e+02    3.92485e+01    2.95454e+02    4.22206e+02
     Coulomb-14        LJ (SR)  Disper. corr.   Coulomb (SR)   Coul. recip.
    1.85927e+03    2.04021e+04   -9.21465e+02   -1.34571e+05    6.23224e+02
 Position Rest.      Potential    Kinetic En.   Total Energy  Conserved En.
    1.24957e+02   -1.10889e+05    1.83478e+04   -9.25411e+04   -1.00853e+05
    Temperature Pres. DC (bar) Pressure (bar)   Constr. rmsd
    3.03854e+02   -2.10574e+02   -1.65608e+02    2.27360e-06

           Step           Time
          40500       81.00000

   Energies (kJ/mol)
           Bond          Angle    Proper Dih. Ryckaert-Bell.          LJ-14
    2.24698e+02    5.53807e+02    2.97475e+01    3.64269e+02    3.84372e+02
     Coulomb-14        LJ (SR)  Disper. corr.   Coulomb (SR)   Coul. recip.
    1.80462e+03    2.02854e+04   -9.21465e+02   -1.34509e+05    6.31399e+02
 Position Rest.      Potential    Kinetic En.   Total Energy  Conserved En.
    1.04709e+02   -1.11048e+05    1.80957e+04   -9.29520e+04   -1.00852e+05
    Temperature Pres. DC (bar) Pressure (bar)   Constr. rmsd
    2.99679e+02   -2.10574e+02   -4.02326e+02    2.62021e-06

           Step           Time
          41000       82.00000

   Energies (kJ/mol)
           Bond          Angle    Proper Dih. Ryckaert-Bell.          LJ-14
    2.37456e+02    5.85438e+02    2.67047e+01    3.46859e+02    3.80921e+02
     Coulomb-14        LJ (SR)  Disper. corr.   Coulomb (SR)   Coul. recip.
    1.84597e+03    2.01336e+04   -9.21465e+02   -1.33851e+05    6.22018e+02
 Position Rest.      Potential    Kinetic En.   Total Energy  Conserved En.
    1.04371e+02   -1.10489e+05    1.83887e+04   -9.21001e+04   -1.00860e+05
    Temperature Pres. DC (bar) Pressure (bar)   Constr. rmsd
    3.04530e+02   -2.10574e+02   -7.37041e+02    1.91252e-06

           Step           Time
          41500       83.00000

   Energies (kJ/mol)
           Bond          Angle    Proper Dih. Ryckaert-Bell.          LJ-14
    1.92747e+02    6.33631e+02    4.26320e+01    3.34173e+02    3.86761e+02
     Coulomb-14        LJ (SR)  Disper. corr.   Coulomb (SR)   Coul. recip.
    1.84229e+03    1.96652e+04   -9.21465e+02   -1.33485e+05    6.26926e+02
 Position Rest.      Potential    Kinetic En.   Total Energy  Conserved En.
    1.10313e+02   -1.10572e+05    1.79679e+04   -9.26040e+04   -1.00856e+05
    Temperature Pres. DC (bar) Pressure (bar)   Constr. rmsd
    2.97561e+02   -2.10574e+02   -7.67784e+02    2.37646e-06

           Step           Time
          42000       84.00000

   Energies (kJ/mol)
           Bond          Angle    Proper Dih. Ryckaert-Bell.          LJ-14
    2.20883e+02    5.34697e+02    2.56755e+01    3.02402e+02    3.67222e+02
     Coulomb-14        LJ (SR)  Disper. corr.   Coulomb (SR)   Coul. recip.
    1.84157e+03    2.09191e+04   -9.21465e+02   -1.35368e+05    6.13015e+02
 Position Rest.      Potential    Kinetic En.   Total Energy  Conserved En.
    1.17560e+02   -1.11347e+05    1.78657e+04   -9.34816e+04   -1.00854e+05
    Temperature Pres. DC (bar) Pressure (bar)   Constr. rmsd
    2.95868e+02   -2.10574e+02   -2.51853e+02    2.37836e-06

           Step           Time
          42500       85.00000

   Energies (kJ/mol)
           Bond          Angle    Proper Dih. Ryckaert-Bell.          LJ-14
    2.71131e+02    6.27935e+02    4.92598e+01    3.00270e+02    3.96899e+02
     Coulomb-14        LJ (SR)  Disper. corr.   Coulomb (SR)   Coul. recip.
    1.86503e+03    2.04129e+04   -9.21465e+02   -1.34613e+05    6.45813e+02
 Position Rest.      Potential    Kinetic En.   Total Energy  Conserved En.
    1.24108e+02   -1.10841e+05    1.82065e+04   -9.26344e+04   -1.00851e+05
    Temperature Pres. DC (bar) Pressure (bar)   Constr. rmsd
    3.01514e+02   -2.10574e+02   -3.38376e+02    2.57145e-06

           Step           Time
          43000       86.00000

   Energies (kJ/mol)
           Bond          Angle    Proper Dih. Ryckaert-Bell.          LJ-14
    2.59073e+02    5.87188e+02    3.02614e+01    3.50961e+02    3.77484e+02
     Coulomb-14        LJ (SR)  Disper. corr.   Coulomb (SR)   Coul. recip.
    1.82141e+03    2.01940e+04   -9.21465e+02   -1.34058e+05    6.32074e+02
 Position Rest.      Potential    Kinetic En.   Total Energy  Conserved En.
    1.04404e+02   -1.10623e+05    1.80531e+04   -9.25697e+04   -1.00853e+05
    Temperature Pres. DC (bar) Pressure (bar)   Constr. rmsd
    2.98972e+02   -2.10574e+02   -6.81947e+02    2.82025e-06

           Step           Time
          43500       87.00000

   Energies (kJ/mol)
           Bond          Angle    Proper Dih. Ryckaert-Bell.          LJ-14
    1.70935e+02    5.68086e+02    3.49934e+01    3.22791e+02    4.13483e+02
     Coulomb-14        LJ (SR)  Disper. corr.   Coulomb (SR)   Coul. recip.
    1.85738e+03    2.05758e+04   -9.21465e+02   -1.34460e+05    6.76353e+02
 Position Rest.      Potential    Kinetic En.   Total Energy  Conserved En.
    1.03349e+02   -1.10658e+05    1.83849e+04   -9.22731e+04   -1.00865e+05
    Temperature Pres. DC (bar) Pressure (bar)   Constr. rmsd
    3.04467e+02   -2.10574e+02    1.26395e+02    2.67421e-06

           Step           Time
          44000       88.00000

   Energies (kJ/mol)
           Bond          Angle    Proper Dih. Ryckaert-Bell.          LJ-14
    2.29888e+02    5.68650e+02    3.15306e+01    3.13646e+02    3.98419e+02
     Coulomb-14        LJ (SR)  Disper. corr.   Coulomb (SR)   Coul. recip.
    1.83592e+03    2.04272e+04   -9.21465e+02   -1.34817e+05    6.41855e+02
 Position Rest.      Potential    Kinetic En.   Total Energy  Conserved En.
    1.23892e+02   -1.11168e+05    1.84539e+04   -9.27140e+04   -1.00851e+05
    Temperature Pres. DC (bar) Pressure (bar)   Constr. rmsd
    3.05610e+02   -2.10574e+02   -4.52442e+02    1.93737e-06

           Step           Time
          44500       89.00000

   Energies (kJ/mol)
           Bond          Angle    Proper Dih. Ryckaert-Bell.          LJ-14
    2.33340e+02    5.99678e+02    3.14194e+01    2.91225e+02    3.93044e+02
     Coulomb-14        LJ (SR)  Disper. corr.   Coulomb (SR)   Coul. recip.
    1.84418e+03    2.06635e+04   -9.21465e+02   -1.34950e+05    6.25646e+02
 Position Rest.      Potential    Kinetic En.   Total Energy  Conserved En.
    1.21171e+02   -1.11068e+05    1.82784e+04   -9.27896e+04   -1.00847e+05
    Temperature Pres. DC (bar) Pressure (bar)   Constr. rmsd
    3.02704e+02   -2.10574e+02   -1.79533e+02    2.35306e-06

           Step           Time
          45000       90.00000

   Energies (kJ/mol)
           Bond          Angle    Proper Dih. Ryckaert-Bell.          LJ-14
    2.18134e+02    5.82506e+02    2.94170e+01    3.57090e+02    3.93426e+02
     Coulomb-14        LJ (SR)  Disper. corr.   Coulomb (SR)   Coul. recip.
    1.81587e+03    2.04237e+04   -9.21465e+02   -1.34932e+05    6.16563e+02
 Position Rest.      Potential    Kinetic En.   Total Energy  Conserved En.
    1.32787e+02   -1.11284e+05    1.83840e+04   -9.28996e+04   -1.00862e+05
    Temperature Pres. DC (bar) Pressure (bar)   Constr. rmsd
    3.04452e+02   -2.10574e+02   -4.76685e+02    3.43661e-06

           Step           Time
          45500       91.00000

   Energies (kJ/mol)
           Bond          Angle    Proper Dih. Ryckaert-Bell.          LJ-14
    1.84184e+02    6.35518e+02    3.41951e+01    3.17045e+02    3.87656e+02
     Coulomb-14        LJ (SR)  Disper. corr.   Coulomb (SR)   Coul. recip.
    1.83832e+03    2.08170e+04   -9.21465e+02   -1.35447e+05    6.05151e+02
 Position Rest.      Potential    Kinetic En.   Total Energy  Conserved En.
    1.17649e+02   -1.11432e+05    1.78825e+04   -9.35491e+04   -1.00852e+05
    Temperature Pres. DC (bar) Pressure (bar)   Constr. rmsd
    2.96147e+02   -2.10574e+02   -2.78924e+02    2.77975e-06

           Step           Time
          46000       92.00000

   Energies (kJ/mol)
           Bond          Angle    Proper Dih. Ryckaert-Bell.          LJ-14
    2.46804e+02    6.14755e+02    4.14957e+01    3.50173e+02    3.62632e+02
     Coulomb-14        LJ (SR)  Disper. corr.   Coulomb (SR)   Coul. recip.
    1.82457e+03    2.06659e+04   -9.21465e+02   -1.34622e+05    6.28552e+02
 Position Rest.      Potential    Kinetic En.   Total Energy  Conserved En.
    1.15132e+02   -1.10694e+05    1.85693e+04   -9.21246e+04   -1.00855e+05
    Temperature Pres. DC (bar) Pressure (bar)   Constr. rmsd
    3.07521e+02   -2.10574e+02   -2.35602e+02    2.92863e-06

           Step           Time
          46500       93.00000

   Energies (kJ/mol)
           Bond          Angle    Proper Dih. Ryckaert-Bell.          LJ-14
    2.09527e+02    5.93489e+02    2.87234e+01    3.12505e+02    4.40855e+02
     Coulomb-14        LJ (SR)  Disper. corr.   Coulomb (SR)   Coul. recip.
    1.84697e+03    2.03631e+04   -9.21465e+02   -1.34404e+05    6.30518e+02
 Position Rest.      Potential    Kinetic En.   Total Energy  Conserved En.
    1.10669e+02   -1.10789e+05    1.84239e+04   -9.23650e+04   -1.00863e+05
    Temperature Pres. DC (bar) Pressure (bar)   Constr. rmsd
    3.05113e+02   -2.10574e+02    2.40278e+02    2.25407e-06

           Step           Time
          47000       94.00000

   Energies (kJ/mol)
           Bond          Angle    Proper Dih. Ryckaert-Bell.          LJ-14
    2.09312e+02    5.53555e+02    2.90046e+01    3.09170e+02    4.06705e+02
     Coulomb-14        LJ (SR)  Disper. corr.   Coulomb (SR)   Coul. recip.
    1.86381e+03    2.03458e+04   -9.21465e+02   -1.34495e+05    6.08413e+02
 Position Rest.      Potential    Kinetic En.   Total Energy  Conserved En.
    9.83574e+01   -1.10992e+05    1.83477e+04   -9.26447e+04   -1.00865e+05
    Temperature Pres. DC (bar) Pressure (bar)   Constr. rmsd
    3.03851e+02   -2.10574e+02   -4.20104e+02    2.22448e-06

           Step           Time
          47500       95.00000

   Energies (kJ/mol)
           Bond          Angle    Proper Dih. Ryckaert-Bell.          LJ-14
    2.24547e+02    5.99011e+02    2.09054e+01    3.30734e+02    4.04124e+02
     Coulomb-14        LJ (SR)  Disper. corr.   Coulomb (SR)   Coul. recip.
    1.87722e+03    2.02771e+04   -9.21465e+02   -1.34127e+05    6.23348e+02
 Position Rest.      Potential    Kinetic En.   Total Energy  Conserved En.
    9.84108e+01   -1.10593e+05    1.82358e+04   -9.23569e+04   -1.00863e+05
    Temperature Pres. DC (bar) Pressure (bar)   Constr. rmsd
    3.01999e+02   -2.10574e+02   -3.30621e+02    2.20350e-06

           Step           Time
          48000       96.00000

   Energies (kJ/mol)
           Bond          Angle    Proper Dih. Ryckaert-Bell.          LJ-14
    2.27412e+02    5.37944e+02    2.80470e+01    2.94165e+02    4.01218e+02
     Coulomb-14        LJ (SR)  Disper. corr.   Coulomb (SR)   Coul. recip.
    1.84463e+03    2.03512e+04   -9.21465e+02   -1.34175e+05    6.33015e+02
 Position Rest.      Potential    Kinetic En.   Total Energy  Conserved En.
    1.11285e+02   -1.10667e+05    1.79243e+04   -9.27429e+04   -1.00873e+05
    Temperature Pres. DC (bar) Pressure (bar)   Constr. rmsd
    2.96840e+02   -2.10574e+02   -5.03844e+02    1.95544e-06

           Step           Time
          48500       97.00000

   Energies (kJ/mol)
           Bond          Angle    Proper Dih. Ryckaert-Bell.          LJ-14
    2.24634e+02    6.32090e+02    4.58628e+01    3.28161e+02    4.04007e+02
     Coulomb-14        LJ (SR)  Disper. corr.   Coulomb (SR)   Coul. recip.
    1.85710e+03    1.98862e+04   -9.21465e+02   -1.33748e+05    6.42737e+02
 Position Rest.      Potential    Kinetic En.   Total Energy  Conserved En.
    1.36558e+02   -1.10512e+05    1.82602e+04   -9.22519e+04   -1.00876e+05
    Temperature Pres. DC (bar) Pressure (bar)   Constr. rmsd
    3.02402e+02   -2.10574e+02   -1.24267e+02    2.07177e-06

           Step           Time
          49000       98.00000

   Energies (kJ/mol)
           Bond          Angle    Proper Dih. Ryckaert-Bell.          LJ-14
    1.84241e+02    5.86569e+02    3.57072e+01    3.05791e+02    4.12706e+02
     Coulomb-14        LJ (SR)  Disper. corr.   Coulomb (SR)   Coul. recip.
    1.87282e+03    2.01193e+04   -9.21465e+02   -1.34273e+05    5.89993e+02
 Position Rest.      Potential    Kinetic En.   Total Energy  Conserved En.
    1.19175e+02   -1.10969e+05    1.81470e+04   -9.28216e+04   -1.00875e+05
    Temperature Pres. DC (bar) Pressure (bar)   Constr. rmsd
    3.00528e+02   -2.10574e+02   -1.40534e+02    3.45995e-06

           Step           Time
          49500       99.00000

   Energies (kJ/mol)
           Bond          Angle    Proper Dih. Ryckaert-Bell.          LJ-14
    2.10343e+02    6.79222e+02    3.67709e+01    2.86397e+02    3.97872e+02
     Coulomb-14        LJ (SR)  Disper. corr.   Coulomb (SR)   Coul. recip.
    1.84086e+03    1.99740e+04   -9.21465e+02   -1.33691e+05    6.33279e+02
 Position Rest.      Potential    Kinetic En.   Total Energy  Conserved En.
    1.37585e+02   -1.10416e+05    1.83708e+04   -9.20454e+04   -1.00869e+05
    Temperature Pres. DC (bar) Pressure (bar)   Constr. rmsd
    3.04234e+02   -2.10574e+02   -5.38817e+02    2.97566e-06

           Step           Time
          50000      100.00000

Writing checkpoint, step 50000 at Wed Sep 25 01:50:43 2024


   Energies (kJ/mol)
           Bond          Angle    Proper Dih. Ryckaert-Bell.          LJ-14
    2.71315e+02    5.22062e+02    2.83757e+01    2.90197e+02    3.83811e+02
     Coulomb-14        LJ (SR)  Disper. corr.   Coulomb (SR)   Coul. recip.
    1.84947e+03    2.02858e+04   -9.21465e+02   -1.34540e+05    6.58361e+02
 Position Rest.      Potential    Kinetic En.   Total Energy  Conserved En.
    1.25201e+02   -1.11047e+05    1.82404e+04   -9.28068e+04   -1.00878e+05
    Temperature Pres. DC (bar) Pressure (bar)   Constr. rmsd
    3.02075e+02   -2.10574e+02   -8.27149e+02    2.23535e-06


	<======  ###############  ==>
	<====  A V E R A G E S  ====>
	<==  ###############  ======>

	Statistics over 50001 steps using 501 frames

   Energies (kJ/mol)
           Bond          Angle    Proper Dih. Ryckaert-Bell.          LJ-14
    2.18670e+02    5.84068e+02    3.42423e+01    3.29839e+02    3.90586e+02
     Coulomb-14        LJ (SR)  Disper. corr.   Coulomb (SR)   Coul. recip.
    1.84666e+03    2.03205e+04   -9.21465e+02   -1.34421e+05    6.29586e+02
 Position Rest.      Potential    Kinetic En.   Total Energy  Conserved En.
    1.10515e+02   -1.10878e+05    1.81115e+04   -9.27660e+04   -1.00814e+05
    Temperature Pres. DC (bar) Pressure (bar)   Constr. rmsd
    2.99940e+02   -2.10574e+02   -4.21686e+02    0.00000e+00

   Total Virial (kJ/mol)
    6.93685e+03    4.38222e+01    6.10072e+01
    4.37598e+01    6.94107e+03    2.08391e+00
    6.09404e+01    1.96850e+00    7.00486e+03

   Pressure (bar)
   -4.11020e+02   -1.81255e+01   -2.86105e+01
   -1.80970e+01   -4.16191e+02    3.00528e+00
   -2.85800e+01    3.05796e+00   -4.37846e+02

      T-Protein  T-non-Protein
    2.99563e+02    2.99959e+02


	M E G A - F L O P S   A C C O U N T I N G

 NB=Group-cutoff nonbonded kernels    NxN=N-by-N cluster Verlet kernels
 RF=Reaction-Field  VdW=Van der Waals  QSTab=quadratic-spline table
 W3=SPC/TIP3p  W4=TIP4p (single or pairs)
 V&F=Potential and force  V=Potential only  F=Force only

 Computing:                               M-Number         M-Flops  % Flops
-----------------------------------------------------------------------------
 Pair Search distance check            3006.907750       27062.170     0.2
 NxN Ewald Elec. + LJ [F]            110458.560896     7290265.019    51.4
 NxN Ewald Elec. + LJ [V&F]            1117.638000      119587.266     0.8
 NxN Ewald Elec. [F]                 100469.232224     6128623.166    43.2
 NxN Ewald Elec. [V&F]                 1016.841392       85414.677     0.6
 1,4 nonbonded interactions              37.700754        3393.068     0.0
 Calc Weights                          1078.521570       38826.777     0.3
 Spread Q Bspline                     23008.460160       46016.920     0.3
 Gather F Bspline                     23008.460160      138050.761     1.0
 3D-FFT                               31659.933186      253279.465     1.8
 Solve PME                               39.200784        2508.850     0.0
 Shift-X                                  7.197190          43.183     0.0
 Bonds                                    7.700154         454.309     0.0
 Angles                                  26.300526        4418.488     0.0
 Propers                                  3.000060         687.014     0.0
 RB-Dihedrals                            29.700594        7336.047     0.1
 Pos. Restr.                              7.400148         370.007     0.0
 Virial                                   3.624735          65.245     0.0
 Stop-CM                                  3.609380          36.094     0.0
 Calc-Ekin                               71.914380        1941.688     0.0
 Lincs                                    6.800408         408.024     0.0
 Lincs-Mat                               31.801908         127.208     0.0
 Constraint-V                           358.914356        2871.315     0.0
 Constraint-Vir                           3.528042          84.673     0.0
 Settle                                 115.106906       37179.531     0.3
-----------------------------------------------------------------------------
 Total                                                14189050.965   100.0
-----------------------------------------------------------------------------


     R E A L   C Y C L E   A N D   T I M E   A C C O U N T I N G

On 1 MPI rank

 Computing:          Num   Num      Call    Wall time         Giga-Cycles
                     Ranks Threads  Count      (s)         total sum    %
-----------------------------------------------------------------------------
 Neighbor search        1    1       1001      10.662         30.848   3.9
 Force                  1    1      50001     189.140        547.208  68.8
 PME mesh               1    1      50001      64.710        187.215  23.5
 NB X/F buffer ops.     1    1      99001       1.760          5.093   0.6
 Write traj.            1    1        101       0.256          0.739   0.1
 Update                 1    1      50001       1.375          3.978   0.5
 Constraints            1    1      50003       6.268         18.135   2.3
 Rest                                           0.802          2.320   0.3
-----------------------------------------------------------------------------
 Total                                        274.973        795.536 100.0
-----------------------------------------------------------------------------
 Breakdown of PME mesh computation
-----------------------------------------------------------------------------
 PME spread             1    1      50001      19.050         55.115   6.9
 PME gather             1    1      50001      29.829         86.298  10.8
 PME 3D-FFT             1    1     100002      14.306         41.389   5.2
 PME solve Elec         1    1      50001       1.435          4.151   0.5
-----------------------------------------------------------------------------

               Core t (s)   Wall t (s)        (%)
       Time:      274.973      274.973      100.0
                 (ns/day)    (hour/ns)
Performance:       31.422        0.764
Finished mdrun on rank 0 Wed Sep 25 01:50:43 2024

